<?xml version="1.0" encoding="UTF-8"?>
<robot generator="Robot 6.1.1 (Python 3.11.5 on win32)" generated="20230913 20:13:31.528" rpa="false" schemaversion="4">
<suite id="s1" name="Gbtech Robotframework" source="C:\Users\debor\PycharmProjects\gbtech_robotframework">
<suite id="s1-s1" name="TestCases" source="C:\Users\debor\PycharmProjects\gbtech_robotframework\TestCases">
<suite id="s1-s1-s1" name="RegistroUsuario" source="C:\Users\debor\PycharmProjects\gbtech_robotframework\TestCases\RegistroUsuario.robot">
<test id="s1-s1-s1-t1" name="RegistroUsuario_Sucesso" line="8">
<kw name="Inicia Teste Registro Usuario" library="resources">
<kw name="Open Browser" library="SeleniumLibrary">
<arg>${URL}</arg>
<arg>${BROWSER}</arg>
<doc>Opens a new browser instance to the optional ``url``.</doc>
<msg timestamp="20230913 20:13:31.686" level="INFO">Opening browser 'chrome' to base url 'https://www.empregos.com.br/'.</msg>
<status status="PASS" starttime="20230913 20:13:31.686" endtime="20230913 20:14:23.227"/>
</kw>
<kw name="Click Element" library="SeleniumLibrary">
<arg>xpath://div[@id='ctl00_ContentScriptsCommon_upPolititicaPrivacidadeMaster']//a[@class='a-aceite']</arg>
<doc>Click the element identified by ``locator``.</doc>
<msg timestamp="20230913 20:14:23.227" level="INFO">Clicking element 'xpath://div[@id='ctl00_ContentScriptsCommon_upPolititicaPrivacidadeMaster']//a[@class='a-aceite']'.</msg>
<status status="PASS" starttime="20230913 20:14:23.227" endtime="20230913 20:14:23.331"/>
</kw>
<kw name="Click Element" library="SeleniumLibrary">
<arg>xpath://div[@id='ctl00_divNaoLogadoTopo']//a[@class='cadastre-se']</arg>
<doc>Click the element identified by ``locator``.</doc>
<msg timestamp="20230913 20:14:23.333" level="INFO">Clicking element 'xpath://div[@id='ctl00_divNaoLogadoTopo']//a[@class='cadastre-se']'.</msg>
<status status="PASS" starttime="20230913 20:14:23.333" endtime="20230913 20:14:24.664"/>
</kw>
<kw name="Wait Until Element Is Visible" library="SeleniumLibrary">
<arg>id:ctl00_ContentBody_txtNomeCompleto</arg>
<doc>Waits until the element ``locator`` is visible.</doc>
<status status="PASS" starttime="20230913 20:14:24.666" endtime="20230913 20:14:24.702"/>
</kw>
<status status="PASS" starttime="20230913 20:13:31.686" endtime="20230913 20:14:24.702"/>
</kw>
<kw name="Informa Nome Completo" library="resources">
<arg>Maria Silva</arg>
<kw name="Input Text" library="SeleniumLibrary">
<arg>id:ctl00_ContentBody_txtNomeCompleto</arg>
<arg>${nomeCompleto}</arg>
<doc>Types the given ``text`` into the text field identified by ``locator``.</doc>
<msg timestamp="20230913 20:14:24.702" level="INFO">Typing text 'Maria Silva' into text field 'id:ctl00_ContentBody_txtNomeCompleto'.</msg>
<status status="PASS" starttime="20230913 20:14:24.702" endtime="20230913 20:14:24.876"/>
</kw>
<status status="PASS" starttime="20230913 20:14:24.702" endtime="20230913 20:14:24.878"/>
</kw>
<kw name="Informa Email Valido" library="resources">
<kw name="Gera Email Valido" library="Helpers">
<var>${emailValido}</var>
<msg timestamp="20230913 20:14:24.880" level="INFO">${emailValido} = 20230913201424@fganwzoxb.com</msg>
<status status="PASS" starttime="20230913 20:14:24.878" endtime="20230913 20:14:24.880"/>
</kw>
<kw name="Informa Email" library="resources">
<arg>${emailValido}</arg>
<kw name="Input Text" library="SeleniumLibrary">
<arg>id:ctl00_ContentBody_txtEmail</arg>
<arg>${email}</arg>
<doc>Types the given ``text`` into the text field identified by ``locator``.</doc>
<msg timestamp="20230913 20:14:24.880" level="INFO">Typing text '20230913201424@fganwzoxb.com' into text field 'id:ctl00_ContentBody_txtEmail'.</msg>
<status status="PASS" starttime="20230913 20:14:24.880" endtime="20230913 20:14:25.072"/>
</kw>
<status status="PASS" starttime="20230913 20:14:24.880" endtime="20230913 20:14:25.072"/>
</kw>
<status status="PASS" starttime="20230913 20:14:24.878" endtime="20230913 20:14:25.072"/>
</kw>
<kw name="Informa Telefone Celular" library="resources">
<arg>31999999999</arg>
<kw name="Input Text" library="SeleniumLibrary">
<arg>id:ctl00_ContentBody_txtTelefoneCelular</arg>
<arg>${telefone}</arg>
<doc>Types the given ``text`` into the text field identified by ``locator``.</doc>
<msg timestamp="20230913 20:14:25.072" level="INFO">Typing text '31999999999' into text field 'id:ctl00_ContentBody_txtTelefoneCelular'.</msg>
<status status="PASS" starttime="20230913 20:14:25.072" endtime="20230913 20:14:25.214"/>
</kw>
<status status="PASS" starttime="20230913 20:14:25.072" endtime="20230913 20:14:25.214"/>
</kw>
<kw name="Informa Cidade Existente" library="resources">
<arg>Belo Horizonte</arg>
<kw name="Input Text" library="SeleniumLibrary">
<arg>id:ctl00_ContentBody_ucSuggestCidadeEstado_txtCidade</arg>
<arg>${cidade}</arg>
<doc>Types the given ``text`` into the text field identified by ``locator``.</doc>
<msg timestamp="20230913 20:14:25.214" level="INFO">Typing text 'Belo Horizonte' into text field 'id:ctl00_ContentBody_ucSuggestCidadeEstado_txtCidade'.</msg>
<status status="PASS" starttime="20230913 20:14:25.214" endtime="20230913 20:14:25.430"/>
</kw>
<kw name="Wait Until Element Is Visible" library="SeleniumLibrary">
<arg>xpath://div[@id='suggestCidade']/ul/li</arg>
<doc>Waits until the element ``locator`` is visible.</doc>
<status status="PASS" starttime="20230913 20:14:25.430" endtime="20230913 20:14:25.676"/>
</kw>
<kw name="Click Element" library="SeleniumLibrary">
<arg>xpath://div[@id='suggestCidade']/ul/li</arg>
<doc>Click the element identified by ``locator``.</doc>
<msg timestamp="20230913 20:14:25.676" level="INFO">Clicking element 'xpath://div[@id='suggestCidade']/ul/li'.</msg>
<status status="PASS" starttime="20230913 20:14:25.676" endtime="20230913 20:14:25.773"/>
</kw>
<status status="PASS" starttime="20230913 20:14:25.214" endtime="20230913 20:14:25.773"/>
</kw>
<kw name="Informa Cargo Existente" library="resources">
<arg>Analista</arg>
<kw name="Input Text" library="SeleniumLibrary">
<arg>id:ctl00_ContentBody_ucSuggestCargo_txtCargo</arg>
<arg>${cargo}</arg>
<doc>Types the given ``text`` into the text field identified by ``locator``.</doc>
<msg timestamp="20230913 20:14:25.776" level="INFO">Typing text 'Analista' into text field 'id:ctl00_ContentBody_ucSuggestCargo_txtCargo'.</msg>
<status status="PASS" starttime="20230913 20:14:25.776" endtime="20230913 20:14:25.943"/>
</kw>
<kw name="Wait Until Element Is Visible" library="SeleniumLibrary">
<arg>xpath:(//div[@id='ctl00_ContentBody_ucSuggestCargo_divSuggestCargo']/ul/li)[1]</arg>
<doc>Waits until the element ``locator`` is visible.</doc>
<status status="PASS" starttime="20230913 20:14:25.943" endtime="20230913 20:14:26.423"/>
</kw>
<kw name="Click Element" library="SeleniumLibrary">
<arg>xpath:(//div[@id='ctl00_ContentBody_ucSuggestCargo_divSuggestCargo']/ul/li)[1]</arg>
<doc>Click the element identified by ``locator``.</doc>
<msg timestamp="20230913 20:14:26.423" level="INFO">Clicking element 'xpath:(//div[@id='ctl00_ContentBody_ucSuggestCargo_divSuggestCargo']/ul/li)[1]'.</msg>
<status status="PASS" starttime="20230913 20:14:26.423" endtime="20230913 20:14:26.494"/>
</kw>
<status status="PASS" starttime="20230913 20:14:25.776" endtime="20230913 20:14:26.494"/>
</kw>
<kw name="Aceita Politicas Privacidade" library="resources">
<kw name="Click Element" library="SeleniumLibrary">
<arg>xpath://div[@id='divMsgErrorAceitePrivacidade']//label</arg>
<doc>Click the element identified by ``locator``.</doc>
<msg timestamp="20230913 20:14:26.496" level="INFO">Clicking element 'xpath://div[@id='divMsgErrorAceitePrivacidade']//label'.</msg>
<status status="PASS" starttime="20230913 20:14:26.495" endtime="20230913 20:14:26.580"/>
</kw>
<status status="PASS" starttime="20230913 20:14:26.494" endtime="20230913 20:14:26.580"/>
</kw>
<kw name="Clica Botao Cadastrar Curriculo" library="resources">
<kw name="Click Element" library="SeleniumLibrary">
<arg>id:ctl00_ContentBody_btnCadastro</arg>
<doc>Click the element identified by ``locator``.</doc>
<msg timestamp="20230913 20:14:26.582" level="INFO">Clicking element 'id:ctl00_ContentBody_btnCadastro'.</msg>
<status status="PASS" starttime="20230913 20:14:26.581" endtime="20230913 20:14:26.695"/>
</kw>
<status status="PASS" starttime="20230913 20:14:26.581" endtime="20230913 20:14:26.695"/>
</kw>
<kw name="Valida Cadastro Inicial" library="resources">
<kw name="Wait Until Element Is Visible" library="SeleniumLibrary">
<arg>id:ctl00_ContentBody_ucTopoInclusao_divTopoInclusao</arg>
<doc>Waits until the element ``locator`` is visible.</doc>
<status status="PASS" starttime="20230913 20:14:26.695" endtime="20230913 20:14:29.302"/>
</kw>
<kw name="Get Text" library="SeleniumLibrary">
<var>${validacaoCadastroInicial}</var>
<arg>//div[@id='ctl00_ContentBody_ucTopoInclusao_divTopoInclusao']/h1</arg>
<doc>Returns the text value of the element identified by ``locator``.</doc>
<msg timestamp="20230913 20:14:29.334" level="INFO">${validacaoCadastroInicial} = Seu currículo</msg>
<status status="PASS" starttime="20230913 20:14:29.302" endtime="20230913 20:14:29.334"/>
</kw>
<kw name="Should Be Equal As Strings" library="BuiltIn">
<arg>${validacaoCadastroInicial}</arg>
<arg>Seu currículo</arg>
<doc>Fails if objects are unequal after converting them to strings.</doc>
<status status="PASS" starttime="20230913 20:14:29.334" endtime="20230913 20:14:29.334"/>
</kw>
<status status="PASS" starttime="20230913 20:14:26.695" endtime="20230913 20:14:29.334"/>
</kw>
<kw name="Informa CPF Valido" library="resources">
<kw name="Gera CPF Valido" library="Helpers">
<var>${cpf}</var>
<msg timestamp="20230913 20:14:29.334" level="INFO">${cpf} = 45079933690</msg>
<status status="PASS" starttime="20230913 20:14:29.334" endtime="20230913 20:14:29.334"/>
</kw>
<kw name="Informa CPF" library="resources">
<arg>${cpf}</arg>
<kw name="Input Text" library="SeleniumLibrary">
<arg>id:ctl00_ContentBody_txtCpf</arg>
<arg>${cpf}</arg>
<doc>Types the given ``text`` into the text field identified by ``locator``.</doc>
<msg timestamp="20230913 20:14:29.343" level="INFO">Typing text '45079933690' into text field 'id:ctl00_ContentBody_txtCpf'.</msg>
<status status="PASS" starttime="20230913 20:14:29.343" endtime="20230913 20:14:29.487"/>
</kw>
<status status="PASS" starttime="20230913 20:14:29.334" endtime="20230913 20:14:29.487"/>
</kw>
<status status="PASS" starttime="20230913 20:14:29.334" endtime="20230913 20:14:29.487"/>
</kw>
<kw name="Informa Genero Feminino" library="resources">
<kw name="Click Element" library="SeleniumLibrary">
<arg>xpath://div[@id='content']//label[text()='Feminino']</arg>
<doc>Click the element identified by ``locator``.</doc>
<msg timestamp="20230913 20:14:29.487" level="INFO">Clicking element 'xpath://div[@id='content']//label[text()='Feminino']'.</msg>
<status status="PASS" starttime="20230913 20:14:29.487" endtime="20230913 20:14:29.626"/>
</kw>
<status status="PASS" starttime="20230913 20:14:29.487" endtime="20230913 20:14:29.626"/>
</kw>
<kw name="Informa Data Nascimento" library="resources">
<arg>01/01/2000</arg>
<kw name="Input Text" library="SeleniumLibrary">
<arg>id:ctl00_ContentBody_txtDataNascimento</arg>
<arg>${data}</arg>
<doc>Types the given ``text`` into the text field identified by ``locator``.</doc>
<msg timestamp="20230913 20:14:29.627" level="INFO">Typing text '01/01/2000' into text field 'id:ctl00_ContentBody_txtDataNascimento'.</msg>
<status status="PASS" starttime="20230913 20:14:29.627" endtime="20230913 20:14:29.802"/>
</kw>
<status status="PASS" starttime="20230913 20:14:29.627" endtime="20230913 20:14:29.802"/>
</kw>
<kw name="Seleciona Estado Civil Solteiro" library="resources">
<kw name="Select From List By Value" library="SeleniumLibrary">
<arg>id:ctl00_ContentBody_ddlEstadoCivil</arg>
<arg>10</arg>
<doc>Selects options from selection list ``locator`` by ``values``.</doc>
<msg timestamp="20230913 20:14:29.810" level="INFO">Selecting options from selection list 'id:ctl00_ContentBody_ddlEstadoCivil' by value 10.</msg>
<status status="PASS" starttime="20230913 20:14:29.809" endtime="20230913 20:14:29.974"/>
</kw>
<status status="PASS" starttime="20230913 20:14:29.802" endtime="20230913 20:14:29.974"/>
</kw>
<kw name="Informa Desemprego" library="resources">
<kw name="Click Element" library="SeleniumLibrary">
<arg>xpath://div[@class='box-form radio inline']//label[text()='Não']</arg>
<doc>Click the element identified by ``locator``.</doc>
<msg timestamp="20230913 20:14:29.977" level="INFO">Clicking element 'xpath://div[@class='box-form radio inline']//label[text()='Não']'.</msg>
<status status="PASS" starttime="20230913 20:14:29.975" endtime="20230913 20:14:30.049"/>
</kw>
<status status="PASS" starttime="20230913 20:14:29.975" endtime="20230913 20:14:30.049"/>
</kw>
<kw name="Informa CEP" library="resources">
<arg>30130-100</arg>
<kw name="Input Text" library="SeleniumLibrary">
<arg>id:ctl00_ContentBody_txtCep</arg>
<arg>${cep}</arg>
<doc>Types the given ``text`` into the text field identified by ``locator``.</doc>
<msg timestamp="20230913 20:14:30.049" level="INFO">Typing text '30130-100' into text field 'id:ctl00_ContentBody_txtCep'.</msg>
<status status="PASS" starttime="20230913 20:14:30.049" endtime="20230913 20:14:30.213"/>
</kw>
<status status="PASS" starttime="20230913 20:14:30.049" endtime="20230913 20:14:30.213"/>
</kw>
<kw name="Informa Senha Valida" library="resources">
<kw name="Gera Senha Valida" library="Helpers">
<var>${senha}</var>
<msg timestamp="20230913 20:14:30.213" level="INFO">${senha} = ckdoo</msg>
<status status="PASS" starttime="20230913 20:14:30.213" endtime="20230913 20:14:30.213"/>
</kw>
<kw name="Informa Senha" library="resources">
<arg>${senha}</arg>
<kw name="Input Text" library="SeleniumLibrary">
<arg>id:ctl00_ContentBody_txtSenha</arg>
<arg>${senha}</arg>
<doc>Types the given ``text`` into the text field identified by ``locator``.</doc>
<msg timestamp="20230913 20:14:30.213" level="INFO">Typing text 'ckdoo' into text field 'id:ctl00_ContentBody_txtSenha'.</msg>
<status status="PASS" starttime="20230913 20:14:30.213" endtime="20230913 20:14:30.407"/>
</kw>
<status status="PASS" starttime="20230913 20:14:30.213" endtime="20230913 20:14:30.407"/>
</kw>
<kw name="Informa Confirmacao Senha" library="resources">
<arg>${senha}</arg>
<kw name="Input Text" library="SeleniumLibrary">
<arg>id:ctl00_ContentBody_txtSenhaConfirmacao</arg>
<arg>${senha}</arg>
<doc>Types the given ``text`` into the text field identified by ``locator``.</doc>
<msg timestamp="20230913 20:14:30.409" level="INFO">Typing text 'ckdoo' into text field 'id:ctl00_ContentBody_txtSenhaConfirmacao'.</msg>
<status status="PASS" starttime="20230913 20:14:30.407" endtime="20230913 20:14:30.626"/>
</kw>
<status status="PASS" starttime="20230913 20:14:30.407" endtime="20230913 20:14:30.626"/>
</kw>
<status status="PASS" starttime="20230913 20:14:30.213" endtime="20230913 20:14:30.626"/>
</kw>
<kw name="Clica Botao Confirmar Dados Pessoais" library="resources">
<kw name="Click Element" library="SeleniumLibrary">
<arg>id:ctl00_ContentBody_lkbContinuar</arg>
<doc>Click the element identified by ``locator``.</doc>
<msg timestamp="20230913 20:14:30.626" level="INFO">Clicking element 'id:ctl00_ContentBody_lkbContinuar'.</msg>
<status status="PASS" starttime="20230913 20:14:30.626" endtime="20230913 20:14:30.752"/>
</kw>
<status status="PASS" starttime="20230913 20:14:30.626" endtime="20230913 20:14:30.752"/>
</kw>
<kw name="Valida Cadastro Dados Pessoais Realizado" library="resources">
<kw name="Wait Until Element Is Visible" library="SeleniumLibrary">
<arg>id:ctl00_ContentBody_rptEscolaridade_ctl00_ddlGrauDeEscolaridade</arg>
<doc>Waits until the element ``locator`` is visible.</doc>
<status status="PASS" starttime="20230913 20:14:30.752" endtime="20230913 20:14:33.480"/>
</kw>
<kw name="Get Text" library="SeleniumLibrary">
<var>${validacaoRealizouCadastroDadosPessoais}</var>
<arg>xpath://div[@id='ctl00_ContentBody_ucTopoInclusao_divTopoInclusao']/h1</arg>
<doc>Returns the text value of the element identified by ``locator``.</doc>
<msg timestamp="20230913 20:14:33.511" level="INFO">${validacaoRealizouCadastroDadosPessoais} = Escolaridade</msg>
<status status="PASS" starttime="20230913 20:14:33.480" endtime="20230913 20:14:33.511"/>
</kw>
<kw name="Should Be Equal As Strings" library="BuiltIn">
<arg>${validacaoRealizouCadastroDadosPessoais}</arg>
<arg>Escolaridade</arg>
<doc>Fails if objects are unequal after converting them to strings.</doc>
<status status="PASS" starttime="20230913 20:14:33.511" endtime="20230913 20:14:33.511"/>
</kw>
<status status="PASS" starttime="20230913 20:14:30.752" endtime="20230913 20:14:33.511"/>
</kw>
<kw name="Seleciona Grau Escolaridade" library="resources">
<kw name="Select From List By Value" library="SeleniumLibrary">
<arg>id:ctl00_ContentBody_rptEscolaridade_ctl00_ddlGrauDeEscolaridade</arg>
<arg>90</arg>
<doc>Selects options from selection list ``locator`` by ``values``.</doc>
<msg timestamp="20230913 20:14:33.511" level="INFO">Selecting options from selection list 'id:ctl00_ContentBody_rptEscolaridade_ctl00_ddlGrauDeEscolaridade' by value 90.</msg>
<status status="PASS" starttime="20230913 20:14:33.511" endtime="20230913 20:14:33.651"/>
</kw>
<status status="PASS" starttime="20230913 20:14:33.511" endtime="20230913 20:14:33.651"/>
</kw>
<kw name="Seleciona Area Estudo" library="resources">
<kw name="Select From List By Value" library="SeleniumLibrary">
<arg>id:ctl00_ContentBody_rptEscolaridade_ctl00_ddlAreaDeEstudo</arg>
<arg>50</arg>
<doc>Selects options from selection list ``locator`` by ``values``.</doc>
<msg timestamp="20230913 20:14:33.656" level="INFO">Selecting options from selection list 'id:ctl00_ContentBody_rptEscolaridade_ctl00_ddlAreaDeEstudo' by value 50.</msg>
<status status="PASS" starttime="20230913 20:14:33.655" endtime="20230913 20:14:33.772"/>
</kw>
<status status="PASS" starttime="20230913 20:14:33.655" endtime="20230913 20:14:33.772"/>
</kw>
<kw name="Informa Instituicao Formacao" library="resources">
<arg>UFMG</arg>
<kw name="Input Text" library="SeleniumLibrary">
<arg>id:ctl00_ContentBody_rptEscolaridade_ctl00_txtInstituicao</arg>
<arg>${instituicao}</arg>
<doc>Types the given ``text`` into the text field identified by ``locator``.</doc>
<msg timestamp="20230913 20:14:33.772" level="INFO">Typing text 'UFMG' into text field 'id:ctl00_ContentBody_rptEscolaridade_ctl00_txtInstituicao'.</msg>
<status status="PASS" starttime="20230913 20:14:33.772" endtime="20230913 20:14:33.915"/>
</kw>
<status status="PASS" starttime="20230913 20:14:33.772" endtime="20230913 20:14:33.915"/>
</kw>
<kw name="Informa Data Inicio Formacao" library="resources">
<arg>01/01/2018</arg>
<kw name="Input Text" library="SeleniumLibrary">
<arg>id:ctl00_ContentBody_rptEscolaridade_ctl00_txtDataInicio</arg>
<arg>${data}</arg>
<doc>Types the given ``text`` into the text field identified by ``locator``.</doc>
<msg timestamp="20230913 20:14:33.926" level="INFO">Typing text '01/01/2018' into text field 'id:ctl00_ContentBody_rptEscolaridade_ctl00_txtDataInicio'.</msg>
<status status="PASS" starttime="20230913 20:14:33.915" endtime="20230913 20:14:34.078"/>
</kw>
<status status="PASS" starttime="20230913 20:14:33.915" endtime="20230913 20:14:34.079"/>
</kw>
<kw name="Informa Data Fim Formacao" library="resources">
<arg>01/12/2022</arg>
<kw name="Input Text" library="SeleniumLibrary">
<arg>id:ctl00_ContentBody_rptEscolaridade_ctl00_txtDataFinal</arg>
<arg>${data}</arg>
<doc>Types the given ``text`` into the text field identified by ``locator``.</doc>
<msg timestamp="20230913 20:14:34.080" level="INFO">Typing text '01/12/2022' into text field 'id:ctl00_ContentBody_rptEscolaridade_ctl00_txtDataFinal'.</msg>
<status status="PASS" starttime="20230913 20:14:34.080" endtime="20230913 20:14:34.216"/>
</kw>
<status status="PASS" starttime="20230913 20:14:34.079" endtime="20230913 20:14:34.216"/>
</kw>
<kw name="Clica Botao Salvar Formacao" library="resources">
<kw name="Click Element" library="SeleniumLibrary">
<arg>id:ctl00_ContentBody_lkbContinuar</arg>
<doc>Click the element identified by ``locator``.</doc>
<msg timestamp="20230913 20:14:34.216" level="INFO">Clicking element 'id:ctl00_ContentBody_lkbContinuar'.</msg>
<status status="PASS" starttime="20230913 20:14:34.216" endtime="20230913 20:14:35.832"/>
</kw>
<status status="PASS" starttime="20230913 20:14:34.216" endtime="20230913 20:14:35.832"/>
</kw>
<kw name="Valida Cadastro Formacao Realizado" library="resources">
<kw name="Wait Until Element Is Visible" library="SeleniumLibrary">
<arg>id:ctl00_ContentBody_txtMinimoAceitavel</arg>
<doc>Waits until the element ``locator`` is visible.</doc>
<status status="PASS" starttime="20230913 20:14:35.840" endtime="20230913 20:14:35.897"/>
</kw>
<status status="PASS" starttime="20230913 20:14:35.832" endtime="20230913 20:14:35.897"/>
</kw>
<kw name="Informa Pretensao Salarial" library="resources">
<arg>5000</arg>
<kw name="Input Text" library="SeleniumLibrary">
<arg>id:ctl00_ContentBody_txtMinimoAceitavel</arg>
<arg>${pretensao}</arg>
<doc>Types the given ``text`` into the text field identified by ``locator``.</doc>
<msg timestamp="20230913 20:14:35.897" level="INFO">Typing text '5000' into text field 'id:ctl00_ContentBody_txtMinimoAceitavel'.</msg>
<status status="PASS" starttime="20230913 20:14:35.897" endtime="20230913 20:14:36.111"/>
</kw>
<status status="PASS" starttime="20230913 20:14:35.897" endtime="20230913 20:14:36.111"/>
</kw>
<kw name="Informa Resumo" library="resources">
<arg>Teste</arg>
<kw name="Input Text" library="SeleniumLibrary">
<arg>id:ctl00_ContentBody_txtResumo</arg>
<arg>${resumo}</arg>
<doc>Types the given ``text`` into the text field identified by ``locator``.</doc>
<msg timestamp="20230913 20:14:36.111" level="INFO">Typing text 'Teste' into text field 'id:ctl00_ContentBody_txtResumo'.</msg>
<status status="PASS" starttime="20230913 20:14:36.111" endtime="20230913 20:14:36.260"/>
</kw>
<status status="PASS" starttime="20230913 20:14:36.111" endtime="20230913 20:14:36.263"/>
</kw>
<kw name="Clica Botao Salvar Objetivos Profissionais" library="resources">
<kw name="Click Element" library="SeleniumLibrary">
<arg>id:ctl00_ContentBody_lkbContinuar</arg>
<doc>Click the element identified by ``locator``.</doc>
<msg timestamp="20230913 20:14:36.264" level="INFO">Clicking element 'id:ctl00_ContentBody_lkbContinuar'.</msg>
<status status="PASS" starttime="20230913 20:14:36.264" endtime="20230913 20:14:37.817"/>
</kw>
<status status="PASS" starttime="20230913 20:14:36.263" endtime="20230913 20:14:37.817"/>
</kw>
<kw name="Valida Cadastro Final Realizado" library="resources">
<kw name="Get Text" library="SeleniumLibrary">
<var>${validacaoCadastroPrePagamento}</var>
<arg>xpath://div[@id='content']//div[@class='plans-and-prices-carousel']//h1</arg>
<doc>Returns the text value of the element identified by ``locator``.</doc>
<msg timestamp="20230913 20:14:37.843" level="INFO">${validacaoCadastroPrePagamento} = Escolha seu plano</msg>
<status status="PASS" starttime="20230913 20:14:37.817" endtime="20230913 20:14:37.843"/>
</kw>
<kw name="Should Be Equal As Strings" library="BuiltIn">
<arg>${validacaoCadastroPrePagamento}</arg>
<arg>Escolha seu plano</arg>
<doc>Fails if objects are unequal after converting them to strings.</doc>
<status status="PASS" starttime="20230913 20:14:37.843" endtime="20230913 20:14:37.843"/>
</kw>
<status status="PASS" starttime="20230913 20:14:37.817" endtime="20230913 20:14:37.843"/>
</kw>
<kw name="Encerra Browser" library="resources">
<kw name="Close Browser" library="SeleniumLibrary">
<doc>Closes the current browser.</doc>
<status status="PASS" starttime="20230913 20:14:37.848" endtime="20230913 20:14:39.991"/>
</kw>
<status status="PASS" starttime="20230913 20:14:37.848" endtime="20230913 20:14:39.991"/>
</kw>
<tag>cadastro-inicial</tag>
<tag>dados-pessoais</tag>
<tag>formacao</tag>
<tag>objetivos-profissionais</tag>
<status status="PASS" starttime="20230913 20:13:31.686" endtime="20230913 20:14:39.991"/>
</test>
<test id="s1-s1-s1-t2" name="RegistroUsuario_NomeObrigatorio" line="45">
<kw name="Inicia Teste Registro Usuario" library="resources">
<kw name="Open Browser" library="SeleniumLibrary">
<arg>${URL}</arg>
<arg>${BROWSER}</arg>
<doc>Opens a new browser instance to the optional ``url``.</doc>
<msg timestamp="20230913 20:14:39.991" level="INFO">Opening browser 'chrome' to base url 'https://www.empregos.com.br/'.</msg>
<status status="PASS" starttime="20230913 20:14:39.991" endtime="20230913 20:14:44.532"/>
</kw>
<kw name="Click Element" library="SeleniumLibrary">
<arg>xpath://div[@id='ctl00_ContentScriptsCommon_upPolititicaPrivacidadeMaster']//a[@class='a-aceite']</arg>
<doc>Click the element identified by ``locator``.</doc>
<msg timestamp="20230913 20:14:44.532" level="INFO">Clicking element 'xpath://div[@id='ctl00_ContentScriptsCommon_upPolititicaPrivacidadeMaster']//a[@class='a-aceite']'.</msg>
<status status="PASS" starttime="20230913 20:14:44.532" endtime="20230913 20:14:44.618"/>
</kw>
<kw name="Click Element" library="SeleniumLibrary">
<arg>xpath://div[@id='ctl00_divNaoLogadoTopo']//a[@class='cadastre-se']</arg>
<doc>Click the element identified by ``locator``.</doc>
<msg timestamp="20230913 20:14:44.625" level="INFO">Clicking element 'xpath://div[@id='ctl00_divNaoLogadoTopo']//a[@class='cadastre-se']'.</msg>
<status status="PASS" starttime="20230913 20:14:44.618" endtime="20230913 20:14:45.647"/>
</kw>
<kw name="Wait Until Element Is Visible" library="SeleniumLibrary">
<arg>id:ctl00_ContentBody_txtNomeCompleto</arg>
<doc>Waits until the element ``locator`` is visible.</doc>
<status status="PASS" starttime="20230913 20:14:45.647" endtime="20230913 20:14:45.667"/>
</kw>
<status status="PASS" starttime="20230913 20:14:39.991" endtime="20230913 20:14:45.667"/>
</kw>
<kw name="Informa Email Valido" library="resources">
<kw name="Gera Email Valido" library="Helpers">
<var>${emailValido}</var>
<msg timestamp="20230913 20:14:45.667" level="INFO">${emailValido} = 20230913201445@hquqaslpg.com</msg>
<status status="PASS" starttime="20230913 20:14:45.667" endtime="20230913 20:14:45.667"/>
</kw>
<kw name="Informa Email" library="resources">
<arg>${emailValido}</arg>
<kw name="Input Text" library="SeleniumLibrary">
<arg>id:ctl00_ContentBody_txtEmail</arg>
<arg>${email}</arg>
<doc>Types the given ``text`` into the text field identified by ``locator``.</doc>
<msg timestamp="20230913 20:14:45.675" level="INFO">Typing text '20230913201445@hquqaslpg.com' into text field 'id:ctl00_ContentBody_txtEmail'.</msg>
<status status="PASS" starttime="20230913 20:14:45.667" endtime="20230913 20:14:45.801"/>
</kw>
<status status="PASS" starttime="20230913 20:14:45.667" endtime="20230913 20:14:45.801"/>
</kw>
<status status="PASS" starttime="20230913 20:14:45.667" endtime="20230913 20:14:45.801"/>
</kw>
<kw name="Informa Telefone Celular" library="resources">
<arg>31999999999</arg>
<kw name="Input Text" library="SeleniumLibrary">
<arg>id:ctl00_ContentBody_txtTelefoneCelular</arg>
<arg>${telefone}</arg>
<doc>Types the given ``text`` into the text field identified by ``locator``.</doc>
<msg timestamp="20230913 20:14:45.801" level="INFO">Typing text '31999999999' into text field 'id:ctl00_ContentBody_txtTelefoneCelular'.</msg>
<status status="PASS" starttime="20230913 20:14:45.801" endtime="20230913 20:14:45.963"/>
</kw>
<status status="PASS" starttime="20230913 20:14:45.801" endtime="20230913 20:14:45.963"/>
</kw>
<kw name="Informa Cidade Existente" library="resources">
<arg>Belo Horizonte</arg>
<kw name="Input Text" library="SeleniumLibrary">
<arg>id:ctl00_ContentBody_ucSuggestCidadeEstado_txtCidade</arg>
<arg>${cidade}</arg>
<doc>Types the given ``text`` into the text field identified by ``locator``.</doc>
<msg timestamp="20230913 20:14:45.970" level="INFO">Typing text 'Belo Horizonte' into text field 'id:ctl00_ContentBody_ucSuggestCidadeEstado_txtCidade'.</msg>
<status status="PASS" starttime="20230913 20:14:45.963" endtime="20230913 20:14:46.079"/>
</kw>
<kw name="Wait Until Element Is Visible" library="SeleniumLibrary">
<arg>xpath://div[@id='suggestCidade']/ul/li</arg>
<doc>Waits until the element ``locator`` is visible.</doc>
<status status="PASS" starttime="20230913 20:14:46.079" endtime="20230913 20:14:46.309"/>
</kw>
<kw name="Click Element" library="SeleniumLibrary">
<arg>xpath://div[@id='suggestCidade']/ul/li</arg>
<doc>Click the element identified by ``locator``.</doc>
<msg timestamp="20230913 20:14:46.317" level="INFO">Clicking element 'xpath://div[@id='suggestCidade']/ul/li'.</msg>
<status status="PASS" starttime="20230913 20:14:46.309" endtime="20230913 20:14:46.376"/>
</kw>
<status status="PASS" starttime="20230913 20:14:45.963" endtime="20230913 20:14:46.376"/>
</kw>
<kw name="Informa Cargo Existente" library="resources">
<arg>Analista</arg>
<kw name="Input Text" library="SeleniumLibrary">
<arg>id:ctl00_ContentBody_ucSuggestCargo_txtCargo</arg>
<arg>${cargo}</arg>
<doc>Types the given ``text`` into the text field identified by ``locator``.</doc>
<msg timestamp="20230913 20:14:46.376" level="INFO">Typing text 'Analista' into text field 'id:ctl00_ContentBody_ucSuggestCargo_txtCargo'.</msg>
<status status="PASS" starttime="20230913 20:14:46.376" endtime="20230913 20:14:46.509"/>
</kw>
<kw name="Wait Until Element Is Visible" library="SeleniumLibrary">
<arg>xpath:(//div[@id='ctl00_ContentBody_ucSuggestCargo_divSuggestCargo']/ul/li)[1]</arg>
<doc>Waits until the element ``locator`` is visible.</doc>
<status status="PASS" starttime="20230913 20:14:46.509" endtime="20230913 20:14:46.760"/>
</kw>
<kw name="Click Element" library="SeleniumLibrary">
<arg>xpath:(//div[@id='ctl00_ContentBody_ucSuggestCargo_divSuggestCargo']/ul/li)[1]</arg>
<doc>Click the element identified by ``locator``.</doc>
<msg timestamp="20230913 20:14:46.760" level="INFO">Clicking element 'xpath:(//div[@id='ctl00_ContentBody_ucSuggestCargo_divSuggestCargo']/ul/li)[1]'.</msg>
<status status="PASS" starttime="20230913 20:14:46.760" endtime="20230913 20:14:46.838"/>
</kw>
<status status="PASS" starttime="20230913 20:14:46.376" endtime="20230913 20:14:46.838"/>
</kw>
<kw name="Aceita Politicas Privacidade" library="resources">
<kw name="Click Element" library="SeleniumLibrary">
<arg>xpath://div[@id='divMsgErrorAceitePrivacidade']//label</arg>
<doc>Click the element identified by ``locator``.</doc>
<msg timestamp="20230913 20:14:46.838" level="INFO">Clicking element 'xpath://div[@id='divMsgErrorAceitePrivacidade']//label'.</msg>
<status status="PASS" starttime="20230913 20:14:46.838" endtime="20230913 20:14:46.902"/>
</kw>
<status status="PASS" starttime="20230913 20:14:46.838" endtime="20230913 20:14:46.902"/>
</kw>
<kw name="Clica Botao Cadastrar Curriculo" library="resources">
<kw name="Click Element" library="SeleniumLibrary">
<arg>id:ctl00_ContentBody_btnCadastro</arg>
<doc>Click the element identified by ``locator``.</doc>
<msg timestamp="20230913 20:14:46.905" level="INFO">Clicking element 'id:ctl00_ContentBody_btnCadastro'.</msg>
<status status="PASS" starttime="20230913 20:14:46.905" endtime="20230913 20:14:46.976"/>
</kw>
<status status="PASS" starttime="20230913 20:14:46.905" endtime="20230913 20:14:46.982"/>
</kw>
<kw name="Valida Mensagem Erro Nome Completo" library="resources">
<arg>Nome é obrigatório</arg>
<kw name="Valida Mensagem Erro" library="resources">
<arg>xpath://input[@id='ctl00_ContentBody_txtNomeCompleto']/following-sibling::ul/li</arg>
<arg>${mensagemEsperada}</arg>
<kw name="Wait Until Element Is Visible" library="SeleniumLibrary">
<arg>${localizador}</arg>
<doc>Waits until the element ``locator`` is visible.</doc>
<status status="PASS" starttime="20230913 20:14:46.982" endtime="20230913 20:14:47.006"/>
</kw>
<kw name="Get Text" library="SeleniumLibrary">
<var>${mensagemErro}</var>
<arg>${localizador}</arg>
<doc>Returns the text value of the element identified by ``locator``.</doc>
<msg timestamp="20230913 20:14:47.041" level="INFO">${mensagemErro} = Nome é obrigatório</msg>
<status status="PASS" starttime="20230913 20:14:47.006" endtime="20230913 20:14:47.041"/>
</kw>
<kw name="Should Be Equal As Strings" library="BuiltIn">
<arg>${mensagemErro}</arg>
<arg>${mensagemEsperada}</arg>
<doc>Fails if objects are unequal after converting them to strings.</doc>
<status status="PASS" starttime="20230913 20:14:47.041" endtime="20230913 20:14:47.041"/>
</kw>
<status status="PASS" starttime="20230913 20:14:46.982" endtime="20230913 20:14:47.041"/>
</kw>
<status status="PASS" starttime="20230913 20:14:46.982" endtime="20230913 20:14:47.041"/>
</kw>
<kw name="Encerra Browser" library="resources">
<kw name="Close Browser" library="SeleniumLibrary">
<doc>Closes the current browser.</doc>
<status status="PASS" starttime="20230913 20:14:47.043" endtime="20230913 20:14:49.130"/>
</kw>
<status status="PASS" starttime="20230913 20:14:47.043" endtime="20230913 20:14:49.130"/>
</kw>
<tag>cadastro-inicial</tag>
<status status="PASS" starttime="20230913 20:14:39.991" endtime="20230913 20:14:49.130"/>
</test>
<test id="s1-s1-s1-t3" name="RegistroUsuario_NomeIncompleto" line="57">
<kw name="Inicia Teste Registro Usuario" library="resources">
<kw name="Open Browser" library="SeleniumLibrary">
<arg>${URL}</arg>
<arg>${BROWSER}</arg>
<doc>Opens a new browser instance to the optional ``url``.</doc>
<msg timestamp="20230913 20:14:49.130" level="INFO">Opening browser 'chrome' to base url 'https://www.empregos.com.br/'.</msg>
<status status="PASS" starttime="20230913 20:14:49.130" endtime="20230913 20:14:53.545"/>
</kw>
<kw name="Click Element" library="SeleniumLibrary">
<arg>xpath://div[@id='ctl00_ContentScriptsCommon_upPolititicaPrivacidadeMaster']//a[@class='a-aceite']</arg>
<doc>Click the element identified by ``locator``.</doc>
<msg timestamp="20230913 20:14:53.545" level="INFO">Clicking element 'xpath://div[@id='ctl00_ContentScriptsCommon_upPolititicaPrivacidadeMaster']//a[@class='a-aceite']'.</msg>
<status status="PASS" starttime="20230913 20:14:53.545" endtime="20230913 20:14:53.624"/>
</kw>
<kw name="Click Element" library="SeleniumLibrary">
<arg>xpath://div[@id='ctl00_divNaoLogadoTopo']//a[@class='cadastre-se']</arg>
<doc>Click the element identified by ``locator``.</doc>
<msg timestamp="20230913 20:14:53.626" level="INFO">Clicking element 'xpath://div[@id='ctl00_divNaoLogadoTopo']//a[@class='cadastre-se']'.</msg>
<status status="PASS" starttime="20230913 20:14:53.624" endtime="20230913 20:14:54.664"/>
</kw>
<kw name="Wait Until Element Is Visible" library="SeleniumLibrary">
<arg>id:ctl00_ContentBody_txtNomeCompleto</arg>
<doc>Waits until the element ``locator`` is visible.</doc>
<status status="PASS" starttime="20230913 20:14:54.664" endtime="20230913 20:14:54.684"/>
</kw>
<status status="PASS" starttime="20230913 20:14:49.130" endtime="20230913 20:14:54.684"/>
</kw>
<kw name="Informa Nome Completo" library="resources">
<arg>Maria</arg>
<kw name="Input Text" library="SeleniumLibrary">
<arg>id:ctl00_ContentBody_txtNomeCompleto</arg>
<arg>${nomeCompleto}</arg>
<doc>Types the given ``text`` into the text field identified by ``locator``.</doc>
<msg timestamp="20230913 20:14:54.684" level="INFO">Typing text 'Maria' into text field 'id:ctl00_ContentBody_txtNomeCompleto'.</msg>
<status status="PASS" starttime="20230913 20:14:54.684" endtime="20230913 20:14:54.807"/>
</kw>
<status status="PASS" starttime="20230913 20:14:54.684" endtime="20230913 20:14:54.807"/>
</kw>
<kw name="Informa Email Valido" library="resources">
<kw name="Gera Email Valido" library="Helpers">
<var>${emailValido}</var>
<msg timestamp="20230913 20:14:54.810" level="INFO">${emailValido} = 20230913201454@bujilucoi.com</msg>
<status status="PASS" starttime="20230913 20:14:54.809" endtime="20230913 20:14:54.810"/>
</kw>
<kw name="Informa Email" library="resources">
<arg>${emailValido}</arg>
<kw name="Input Text" library="SeleniumLibrary">
<arg>id:ctl00_ContentBody_txtEmail</arg>
<arg>${email}</arg>
<doc>Types the given ``text`` into the text field identified by ``locator``.</doc>
<msg timestamp="20230913 20:14:54.810" level="INFO">Typing text '20230913201454@bujilucoi.com' into text field 'id:ctl00_ContentBody_txtEmail'.</msg>
<status status="PASS" starttime="20230913 20:14:54.810" endtime="20230913 20:14:54.990"/>
</kw>
<status status="PASS" starttime="20230913 20:14:54.810" endtime="20230913 20:14:54.990"/>
</kw>
<status status="PASS" starttime="20230913 20:14:54.809" endtime="20230913 20:14:54.990"/>
</kw>
<kw name="Informa Telefone Celular" library="resources">
<arg>31999999999</arg>
<kw name="Input Text" library="SeleniumLibrary">
<arg>id:ctl00_ContentBody_txtTelefoneCelular</arg>
<arg>${telefone}</arg>
<doc>Types the given ``text`` into the text field identified by ``locator``.</doc>
<msg timestamp="20230913 20:14:54.992" level="INFO">Typing text '31999999999' into text field 'id:ctl00_ContentBody_txtTelefoneCelular'.</msg>
<status status="PASS" starttime="20230913 20:14:54.990" endtime="20230913 20:14:55.121"/>
</kw>
<status status="PASS" starttime="20230913 20:14:54.990" endtime="20230913 20:14:55.121"/>
</kw>
<kw name="Informa Cidade Existente" library="resources">
<arg>Belo Horizonte</arg>
<kw name="Input Text" library="SeleniumLibrary">
<arg>id:ctl00_ContentBody_ucSuggestCidadeEstado_txtCidade</arg>
<arg>${cidade}</arg>
<doc>Types the given ``text`` into the text field identified by ``locator``.</doc>
<msg timestamp="20230913 20:14:55.126" level="INFO">Typing text 'Belo Horizonte' into text field 'id:ctl00_ContentBody_ucSuggestCidadeEstado_txtCidade'.</msg>
<status status="PASS" starttime="20230913 20:14:55.124" endtime="20230913 20:14:55.259"/>
</kw>
<kw name="Wait Until Element Is Visible" library="SeleniumLibrary">
<arg>xpath://div[@id='suggestCidade']/ul/li</arg>
<doc>Waits until the element ``locator`` is visible.</doc>
<status status="PASS" starttime="20230913 20:14:55.259" endtime="20230913 20:14:55.491"/>
</kw>
<kw name="Click Element" library="SeleniumLibrary">
<arg>xpath://div[@id='suggestCidade']/ul/li</arg>
<doc>Click the element identified by ``locator``.</doc>
<msg timestamp="20230913 20:14:55.491" level="INFO">Clicking element 'xpath://div[@id='suggestCidade']/ul/li'.</msg>
<status status="PASS" starttime="20230913 20:14:55.491" endtime="20230913 20:14:55.575"/>
</kw>
<status status="PASS" starttime="20230913 20:14:55.124" endtime="20230913 20:14:55.575"/>
</kw>
<kw name="Informa Cargo Existente" library="resources">
<arg>Analista</arg>
<kw name="Input Text" library="SeleniumLibrary">
<arg>id:ctl00_ContentBody_ucSuggestCargo_txtCargo</arg>
<arg>${cargo}</arg>
<doc>Types the given ``text`` into the text field identified by ``locator``.</doc>
<msg timestamp="20230913 20:14:55.579" level="INFO">Typing text 'Analista' into text field 'id:ctl00_ContentBody_ucSuggestCargo_txtCargo'.</msg>
<status status="PASS" starttime="20230913 20:14:55.578" endtime="20230913 20:14:55.709"/>
</kw>
<kw name="Wait Until Element Is Visible" library="SeleniumLibrary">
<arg>xpath:(//div[@id='ctl00_ContentBody_ucSuggestCargo_divSuggestCargo']/ul/li)[1]</arg>
<doc>Waits until the element ``locator`` is visible.</doc>
<status status="PASS" starttime="20230913 20:14:55.709" endtime="20230913 20:14:55.960"/>
</kw>
<kw name="Click Element" library="SeleniumLibrary">
<arg>xpath:(//div[@id='ctl00_ContentBody_ucSuggestCargo_divSuggestCargo']/ul/li)[1]</arg>
<doc>Click the element identified by ``locator``.</doc>
<msg timestamp="20230913 20:14:55.960" level="INFO">Clicking element 'xpath:(//div[@id='ctl00_ContentBody_ucSuggestCargo_divSuggestCargo']/ul/li)[1]'.</msg>
<status status="PASS" starttime="20230913 20:14:55.960" endtime="20230913 20:14:56.029"/>
</kw>
<status status="PASS" starttime="20230913 20:14:55.575" endtime="20230913 20:14:56.029"/>
</kw>
<kw name="Aceita Politicas Privacidade" library="resources">
<kw name="Click Element" library="SeleniumLibrary">
<arg>xpath://div[@id='divMsgErrorAceitePrivacidade']//label</arg>
<doc>Click the element identified by ``locator``.</doc>
<msg timestamp="20230913 20:14:56.029" level="INFO">Clicking element 'xpath://div[@id='divMsgErrorAceitePrivacidade']//label'.</msg>
<status status="PASS" starttime="20230913 20:14:56.029" endtime="20230913 20:14:56.096"/>
</kw>
<status status="PASS" starttime="20230913 20:14:56.029" endtime="20230913 20:14:56.096"/>
</kw>
<kw name="Clica Botao Cadastrar Curriculo" library="resources">
<kw name="Click Element" library="SeleniumLibrary">
<arg>id:ctl00_ContentBody_btnCadastro</arg>
<doc>Click the element identified by ``locator``.</doc>
<msg timestamp="20230913 20:14:56.099" level="INFO">Clicking element 'id:ctl00_ContentBody_btnCadastro'.</msg>
<status status="PASS" starttime="20230913 20:14:56.096" endtime="20230913 20:14:56.183"/>
</kw>
<status status="PASS" starttime="20230913 20:14:56.096" endtime="20230913 20:14:56.183"/>
</kw>
<kw name="Valida Mensagem Erro Nome Completo" library="resources">
<arg>Digite seu nome completo</arg>
<kw name="Valida Mensagem Erro" library="resources">
<arg>xpath://input[@id='ctl00_ContentBody_txtNomeCompleto']/following-sibling::ul/li</arg>
<arg>${mensagemEsperada}</arg>
<kw name="Wait Until Element Is Visible" library="SeleniumLibrary">
<arg>${localizador}</arg>
<doc>Waits until the element ``locator`` is visible.</doc>
<status status="PASS" starttime="20230913 20:14:56.183" endtime="20230913 20:14:56.209"/>
</kw>
<kw name="Get Text" library="SeleniumLibrary">
<var>${mensagemErro}</var>
<arg>${localizador}</arg>
<doc>Returns the text value of the element identified by ``locator``.</doc>
<msg timestamp="20230913 20:14:56.237" level="INFO">${mensagemErro} = Digite seu nome completo</msg>
<status status="PASS" starttime="20230913 20:14:56.209" endtime="20230913 20:14:56.237"/>
</kw>
<kw name="Should Be Equal As Strings" library="BuiltIn">
<arg>${mensagemErro}</arg>
<arg>${mensagemEsperada}</arg>
<doc>Fails if objects are unequal after converting them to strings.</doc>
<status status="PASS" starttime="20230913 20:14:56.237" endtime="20230913 20:14:56.237"/>
</kw>
<status status="PASS" starttime="20230913 20:14:56.183" endtime="20230913 20:14:56.237"/>
</kw>
<status status="PASS" starttime="20230913 20:14:56.183" endtime="20230913 20:14:56.237"/>
</kw>
<kw name="Encerra Browser" library="resources">
<kw name="Close Browser" library="SeleniumLibrary">
<doc>Closes the current browser.</doc>
<status status="PASS" starttime="20230913 20:14:56.252" endtime="20230913 20:14:58.344"/>
</kw>
<status status="PASS" starttime="20230913 20:14:56.252" endtime="20230913 20:14:58.344"/>
</kw>
<tag>cadastro-inicial</tag>
<status status="PASS" starttime="20230913 20:14:49.130" endtime="20230913 20:14:58.344"/>
</test>
<test id="s1-s1-s1-t4" name="RegistroUsuario_EmailObrigatorio" line="70">
<kw name="Inicia Teste Registro Usuario" library="resources">
<kw name="Open Browser" library="SeleniumLibrary">
<arg>${URL}</arg>
<arg>${BROWSER}</arg>
<doc>Opens a new browser instance to the optional ``url``.</doc>
<msg timestamp="20230913 20:14:58.354" level="INFO">Opening browser 'chrome' to base url 'https://www.empregos.com.br/'.</msg>
<status status="PASS" starttime="20230913 20:14:58.354" endtime="20230913 20:15:02.865"/>
</kw>
<kw name="Click Element" library="SeleniumLibrary">
<arg>xpath://div[@id='ctl00_ContentScriptsCommon_upPolititicaPrivacidadeMaster']//a[@class='a-aceite']</arg>
<doc>Click the element identified by ``locator``.</doc>
<msg timestamp="20230913 20:15:02.865" level="INFO">Clicking element 'xpath://div[@id='ctl00_ContentScriptsCommon_upPolititicaPrivacidadeMaster']//a[@class='a-aceite']'.</msg>
<status status="PASS" starttime="20230913 20:15:02.865" endtime="20230913 20:15:02.948"/>
</kw>
<kw name="Click Element" library="SeleniumLibrary">
<arg>xpath://div[@id='ctl00_divNaoLogadoTopo']//a[@class='cadastre-se']</arg>
<doc>Click the element identified by ``locator``.</doc>
<msg timestamp="20230913 20:15:02.948" level="INFO">Clicking element 'xpath://div[@id='ctl00_divNaoLogadoTopo']//a[@class='cadastre-se']'.</msg>
<status status="PASS" starttime="20230913 20:15:02.948" endtime="20230913 20:15:03.983"/>
</kw>
<kw name="Wait Until Element Is Visible" library="SeleniumLibrary">
<arg>id:ctl00_ContentBody_txtNomeCompleto</arg>
<doc>Waits until the element ``locator`` is visible.</doc>
<status status="PASS" starttime="20230913 20:15:03.983" endtime="20230913 20:15:04.010"/>
</kw>
<status status="PASS" starttime="20230913 20:14:58.353" endtime="20230913 20:15:04.010"/>
</kw>
<kw name="Informa Nome Completo" library="resources">
<arg>Maria Silva</arg>
<kw name="Input Text" library="SeleniumLibrary">
<arg>id:ctl00_ContentBody_txtNomeCompleto</arg>
<arg>${nomeCompleto}</arg>
<doc>Types the given ``text`` into the text field identified by ``locator``.</doc>
<msg timestamp="20230913 20:15:04.010" level="INFO">Typing text 'Maria Silva' into text field 'id:ctl00_ContentBody_txtNomeCompleto'.</msg>
<status status="PASS" starttime="20230913 20:15:04.010" endtime="20230913 20:15:04.150"/>
</kw>
<status status="PASS" starttime="20230913 20:15:04.010" endtime="20230913 20:15:04.150"/>
</kw>
<kw name="Informa Telefone Celular" library="resources">
<arg>31999999999</arg>
<kw name="Input Text" library="SeleniumLibrary">
<arg>id:ctl00_ContentBody_txtTelefoneCelular</arg>
<arg>${telefone}</arg>
<doc>Types the given ``text`` into the text field identified by ``locator``.</doc>
<msg timestamp="20230913 20:15:04.150" level="INFO">Typing text '31999999999' into text field 'id:ctl00_ContentBody_txtTelefoneCelular'.</msg>
<status status="PASS" starttime="20230913 20:15:04.150" endtime="20230913 20:15:04.298"/>
</kw>
<status status="PASS" starttime="20230913 20:15:04.150" endtime="20230913 20:15:04.298"/>
</kw>
<kw name="Informa Cidade Existente" library="resources">
<arg>Belo Horizonte</arg>
<kw name="Input Text" library="SeleniumLibrary">
<arg>id:ctl00_ContentBody_ucSuggestCidadeEstado_txtCidade</arg>
<arg>${cidade}</arg>
<doc>Types the given ``text`` into the text field identified by ``locator``.</doc>
<msg timestamp="20230913 20:15:04.298" level="INFO">Typing text 'Belo Horizonte' into text field 'id:ctl00_ContentBody_ucSuggestCidadeEstado_txtCidade'.</msg>
<status status="PASS" starttime="20230913 20:15:04.298" endtime="20230913 20:15:04.461"/>
</kw>
<kw name="Wait Until Element Is Visible" library="SeleniumLibrary">
<arg>xpath://div[@id='suggestCidade']/ul/li</arg>
<doc>Waits until the element ``locator`` is visible.</doc>
<status status="PASS" starttime="20230913 20:15:04.461" endtime="20230913 20:15:04.699"/>
</kw>
<kw name="Click Element" library="SeleniumLibrary">
<arg>xpath://div[@id='suggestCidade']/ul/li</arg>
<doc>Click the element identified by ``locator``.</doc>
<msg timestamp="20230913 20:15:04.700" level="INFO">Clicking element 'xpath://div[@id='suggestCidade']/ul/li'.</msg>
<status status="PASS" starttime="20230913 20:15:04.699" endtime="20230913 20:15:04.750"/>
</kw>
<status status="PASS" starttime="20230913 20:15:04.298" endtime="20230913 20:15:04.750"/>
</kw>
<kw name="Informa Cargo Existente" library="resources">
<arg>Analista</arg>
<kw name="Input Text" library="SeleniumLibrary">
<arg>id:ctl00_ContentBody_ucSuggestCargo_txtCargo</arg>
<arg>${cargo}</arg>
<doc>Types the given ``text`` into the text field identified by ``locator``.</doc>
<msg timestamp="20230913 20:15:04.750" level="INFO">Typing text 'Analista' into text field 'id:ctl00_ContentBody_ucSuggestCargo_txtCargo'.</msg>
<status status="PASS" starttime="20230913 20:15:04.750" endtime="20230913 20:15:04.848"/>
</kw>
<kw name="Wait Until Element Is Visible" library="SeleniumLibrary">
<arg>xpath:(//div[@id='ctl00_ContentBody_ucSuggestCargo_divSuggestCargo']/ul/li)[1]</arg>
<doc>Waits until the element ``locator`` is visible.</doc>
<status status="PASS" starttime="20230913 20:15:04.848" endtime="20230913 20:15:05.113"/>
</kw>
<kw name="Click Element" library="SeleniumLibrary">
<arg>xpath:(//div[@id='ctl00_ContentBody_ucSuggestCargo_divSuggestCargo']/ul/li)[1]</arg>
<doc>Click the element identified by ``locator``.</doc>
<msg timestamp="20230913 20:15:05.124" level="INFO">Clicking element 'xpath:(//div[@id='ctl00_ContentBody_ucSuggestCargo_divSuggestCargo']/ul/li)[1]'.</msg>
<status status="PASS" starttime="20230913 20:15:05.124" endtime="20230913 20:15:05.197"/>
</kw>
<status status="PASS" starttime="20230913 20:15:04.750" endtime="20230913 20:15:05.197"/>
</kw>
<kw name="Aceita Politicas Privacidade" library="resources">
<kw name="Click Element" library="SeleniumLibrary">
<arg>xpath://div[@id='divMsgErrorAceitePrivacidade']//label</arg>
<doc>Click the element identified by ``locator``.</doc>
<msg timestamp="20230913 20:15:05.197" level="INFO">Clicking element 'xpath://div[@id='divMsgErrorAceitePrivacidade']//label'.</msg>
<status status="PASS" starttime="20230913 20:15:05.197" endtime="20230913 20:15:05.253"/>
</kw>
<status status="PASS" starttime="20230913 20:15:05.197" endtime="20230913 20:15:05.253"/>
</kw>
<kw name="Clica Botao Cadastrar Curriculo" library="resources">
<kw name="Click Element" library="SeleniumLibrary">
<arg>id:ctl00_ContentBody_btnCadastro</arg>
<doc>Click the element identified by ``locator``.</doc>
<msg timestamp="20230913 20:15:05.261" level="INFO">Clicking element 'id:ctl00_ContentBody_btnCadastro'.</msg>
<status status="PASS" starttime="20230913 20:15:05.259" endtime="20230913 20:15:05.357"/>
</kw>
<status status="PASS" starttime="20230913 20:15:05.259" endtime="20230913 20:15:05.357"/>
</kw>
<kw name="Valida Mensagem Erro Email" library="resources">
<arg>E-mail é obrigatório</arg>
<kw name="Valida Mensagem Erro" library="resources">
<arg>xpath://input[@id='ctl00_ContentBody_txtEmail']/following-sibling::ul/li</arg>
<arg>${mensagemEsperada}</arg>
<kw name="Wait Until Element Is Visible" library="SeleniumLibrary">
<arg>${localizador}</arg>
<doc>Waits until the element ``locator`` is visible.</doc>
<status status="PASS" starttime="20230913 20:15:05.361" endtime="20230913 20:15:05.389"/>
</kw>
<kw name="Get Text" library="SeleniumLibrary">
<var>${mensagemErro}</var>
<arg>${localizador}</arg>
<doc>Returns the text value of the element identified by ``locator``.</doc>
<msg timestamp="20230913 20:15:05.431" level="INFO">${mensagemErro} = E-mail é obrigatório</msg>
<status status="PASS" starttime="20230913 20:15:05.389" endtime="20230913 20:15:05.431"/>
</kw>
<kw name="Should Be Equal As Strings" library="BuiltIn">
<arg>${mensagemErro}</arg>
<arg>${mensagemEsperada}</arg>
<doc>Fails if objects are unequal after converting them to strings.</doc>
<status status="PASS" starttime="20230913 20:15:05.431" endtime="20230913 20:15:05.431"/>
</kw>
<status status="PASS" starttime="20230913 20:15:05.360" endtime="20230913 20:15:05.431"/>
</kw>
<status status="PASS" starttime="20230913 20:15:05.359" endtime="20230913 20:15:05.431"/>
</kw>
<kw name="Encerra Browser" library="resources">
<kw name="Close Browser" library="SeleniumLibrary">
<doc>Closes the current browser.</doc>
<status status="PASS" starttime="20230913 20:15:05.431" endtime="20230913 20:15:07.583"/>
</kw>
<status status="PASS" starttime="20230913 20:15:05.431" endtime="20230913 20:15:07.583"/>
</kw>
<tag>cadastro-inicial</tag>
<status status="PASS" starttime="20230913 20:14:58.350" endtime="20230913 20:15:07.583"/>
</test>
<test id="s1-s1-s1-t5" name="RegistroUsuario_EmailInvalido" line="82">
<kw name="Inicia Teste Registro Usuario" library="resources">
<kw name="Open Browser" library="SeleniumLibrary">
<arg>${URL}</arg>
<arg>${BROWSER}</arg>
<doc>Opens a new browser instance to the optional ``url``.</doc>
<msg timestamp="20230913 20:15:07.583" level="INFO">Opening browser 'chrome' to base url 'https://www.empregos.com.br/'.</msg>
<status status="PASS" starttime="20230913 20:15:07.583" endtime="20230913 20:15:12.147"/>
</kw>
<kw name="Click Element" library="SeleniumLibrary">
<arg>xpath://div[@id='ctl00_ContentScriptsCommon_upPolititicaPrivacidadeMaster']//a[@class='a-aceite']</arg>
<doc>Click the element identified by ``locator``.</doc>
<msg timestamp="20230913 20:15:12.147" level="INFO">Clicking element 'xpath://div[@id='ctl00_ContentScriptsCommon_upPolititicaPrivacidadeMaster']//a[@class='a-aceite']'.</msg>
<status status="PASS" starttime="20230913 20:15:12.147" endtime="20230913 20:15:12.242"/>
</kw>
<kw name="Click Element" library="SeleniumLibrary">
<arg>xpath://div[@id='ctl00_divNaoLogadoTopo']//a[@class='cadastre-se']</arg>
<doc>Click the element identified by ``locator``.</doc>
<msg timestamp="20230913 20:15:12.243" level="INFO">Clicking element 'xpath://div[@id='ctl00_divNaoLogadoTopo']//a[@class='cadastre-se']'.</msg>
<status status="PASS" starttime="20230913 20:15:12.242" endtime="20230913 20:15:13.395"/>
</kw>
<kw name="Wait Until Element Is Visible" library="SeleniumLibrary">
<arg>id:ctl00_ContentBody_txtNomeCompleto</arg>
<doc>Waits until the element ``locator`` is visible.</doc>
<status status="PASS" starttime="20230913 20:15:13.395" endtime="20230913 20:15:13.416"/>
</kw>
<status status="PASS" starttime="20230913 20:15:07.583" endtime="20230913 20:15:13.416"/>
</kw>
<kw name="Informa Nome Completo" library="resources">
<arg>Maria Silva</arg>
<kw name="Input Text" library="SeleniumLibrary">
<arg>id:ctl00_ContentBody_txtNomeCompleto</arg>
<arg>${nomeCompleto}</arg>
<doc>Types the given ``text`` into the text field identified by ``locator``.</doc>
<msg timestamp="20230913 20:15:13.416" level="INFO">Typing text 'Maria Silva' into text field 'id:ctl00_ContentBody_txtNomeCompleto'.</msg>
<status status="PASS" starttime="20230913 20:15:13.416" endtime="20230913 20:15:13.539"/>
</kw>
<status status="PASS" starttime="20230913 20:15:13.416" endtime="20230913 20:15:13.539"/>
</kw>
<kw name="Informa Email" library="resources">
<arg>teste</arg>
<kw name="Input Text" library="SeleniumLibrary">
<arg>id:ctl00_ContentBody_txtEmail</arg>
<arg>${email}</arg>
<doc>Types the given ``text`` into the text field identified by ``locator``.</doc>
<msg timestamp="20230913 20:15:13.543" level="INFO">Typing text 'teste' into text field 'id:ctl00_ContentBody_txtEmail'.</msg>
<status status="PASS" starttime="20230913 20:15:13.542" endtime="20230913 20:15:13.683"/>
</kw>
<status status="PASS" starttime="20230913 20:15:13.539" endtime="20230913 20:15:13.683"/>
</kw>
<kw name="Informa Telefone Celular" library="resources">
<arg>31999999999</arg>
<kw name="Input Text" library="SeleniumLibrary">
<arg>id:ctl00_ContentBody_txtTelefoneCelular</arg>
<arg>${telefone}</arg>
<doc>Types the given ``text`` into the text field identified by ``locator``.</doc>
<msg timestamp="20230913 20:15:13.683" level="INFO">Typing text '31999999999' into text field 'id:ctl00_ContentBody_txtTelefoneCelular'.</msg>
<status status="PASS" starttime="20230913 20:15:13.683" endtime="20230913 20:15:13.833"/>
</kw>
<status status="PASS" starttime="20230913 20:15:13.683" endtime="20230913 20:15:13.833"/>
</kw>
<kw name="Informa Cidade Existente" library="resources">
<arg>Belo Horizonte</arg>
<kw name="Input Text" library="SeleniumLibrary">
<arg>id:ctl00_ContentBody_ucSuggestCidadeEstado_txtCidade</arg>
<arg>${cidade}</arg>
<doc>Types the given ``text`` into the text field identified by ``locator``.</doc>
<msg timestamp="20230913 20:15:13.833" level="INFO">Typing text 'Belo Horizonte' into text field 'id:ctl00_ContentBody_ucSuggestCidadeEstado_txtCidade'.</msg>
<status status="PASS" starttime="20230913 20:15:13.833" endtime="20230913 20:15:13.952"/>
</kw>
<kw name="Wait Until Element Is Visible" library="SeleniumLibrary">
<arg>xpath://div[@id='suggestCidade']/ul/li</arg>
<doc>Waits until the element ``locator`` is visible.</doc>
<status status="PASS" starttime="20230913 20:15:13.952" endtime="20230913 20:15:14.193"/>
</kw>
<kw name="Click Element" library="SeleniumLibrary">
<arg>xpath://div[@id='suggestCidade']/ul/li</arg>
<doc>Click the element identified by ``locator``.</doc>
<msg timestamp="20230913 20:15:14.193" level="INFO">Clicking element 'xpath://div[@id='suggestCidade']/ul/li'.</msg>
<status status="PASS" starttime="20230913 20:15:14.193" endtime="20230913 20:15:14.266"/>
</kw>
<status status="PASS" starttime="20230913 20:15:13.833" endtime="20230913 20:15:14.266"/>
</kw>
<kw name="Informa Cargo Existente" library="resources">
<arg>Analista</arg>
<kw name="Input Text" library="SeleniumLibrary">
<arg>id:ctl00_ContentBody_ucSuggestCargo_txtCargo</arg>
<arg>${cargo}</arg>
<doc>Types the given ``text`` into the text field identified by ``locator``.</doc>
<msg timestamp="20230913 20:15:14.266" level="INFO">Typing text 'Analista' into text field 'id:ctl00_ContentBody_ucSuggestCargo_txtCargo'.</msg>
<status status="PASS" starttime="20230913 20:15:14.266" endtime="20230913 20:15:14.384"/>
</kw>
<kw name="Wait Until Element Is Visible" library="SeleniumLibrary">
<arg>xpath:(//div[@id='ctl00_ContentBody_ucSuggestCargo_divSuggestCargo']/ul/li)[1]</arg>
<doc>Waits until the element ``locator`` is visible.</doc>
<status status="PASS" starttime="20230913 20:15:14.384" endtime="20230913 20:15:14.645"/>
</kw>
<kw name="Click Element" library="SeleniumLibrary">
<arg>xpath:(//div[@id='ctl00_ContentBody_ucSuggestCargo_divSuggestCargo']/ul/li)[1]</arg>
<doc>Click the element identified by ``locator``.</doc>
<msg timestamp="20230913 20:15:14.645" level="INFO">Clicking element 'xpath:(//div[@id='ctl00_ContentBody_ucSuggestCargo_divSuggestCargo']/ul/li)[1]'.</msg>
<status status="PASS" starttime="20230913 20:15:14.645" endtime="20230913 20:15:14.714"/>
</kw>
<status status="PASS" starttime="20230913 20:15:14.266" endtime="20230913 20:15:14.714"/>
</kw>
<kw name="Aceita Politicas Privacidade" library="resources">
<kw name="Click Element" library="SeleniumLibrary">
<arg>xpath://div[@id='divMsgErrorAceitePrivacidade']//label</arg>
<doc>Click the element identified by ``locator``.</doc>
<msg timestamp="20230913 20:15:14.715" level="INFO">Clicking element 'xpath://div[@id='divMsgErrorAceitePrivacidade']//label'.</msg>
<status status="PASS" starttime="20230913 20:15:14.715" endtime="20230913 20:15:14.785"/>
</kw>
<status status="PASS" starttime="20230913 20:15:14.715" endtime="20230913 20:15:14.785"/>
</kw>
<kw name="Clica Botao Cadastrar Curriculo" library="resources">
<kw name="Click Element" library="SeleniumLibrary">
<arg>id:ctl00_ContentBody_btnCadastro</arg>
<doc>Click the element identified by ``locator``.</doc>
<msg timestamp="20230913 20:15:14.792" level="INFO">Clicking element 'id:ctl00_ContentBody_btnCadastro'.</msg>
<status status="PASS" starttime="20230913 20:15:14.792" endtime="20230913 20:15:14.870"/>
</kw>
<status status="PASS" starttime="20230913 20:15:14.785" endtime="20230913 20:15:14.870"/>
</kw>
<kw name="Valida Mensagem Erro Email" library="resources">
<arg>Digite um e-mail válido</arg>
<kw name="Valida Mensagem Erro" library="resources">
<arg>xpath://input[@id='ctl00_ContentBody_txtEmail']/following-sibling::ul/li</arg>
<arg>${mensagemEsperada}</arg>
<kw name="Wait Until Element Is Visible" library="SeleniumLibrary">
<arg>${localizador}</arg>
<doc>Waits until the element ``locator`` is visible.</doc>
<status status="PASS" starttime="20230913 20:15:14.872" endtime="20230913 20:15:14.903"/>
</kw>
<kw name="Get Text" library="SeleniumLibrary">
<var>${mensagemErro}</var>
<arg>${localizador}</arg>
<doc>Returns the text value of the element identified by ``locator``.</doc>
<msg timestamp="20230913 20:15:14.940" level="INFO">${mensagemErro} = Digite um e-mail válido</msg>
<status status="PASS" starttime="20230913 20:15:14.903" endtime="20230913 20:15:14.940"/>
</kw>
<kw name="Should Be Equal As Strings" library="BuiltIn">
<arg>${mensagemErro}</arg>
<arg>${mensagemEsperada}</arg>
<doc>Fails if objects are unequal after converting them to strings.</doc>
<status status="PASS" starttime="20230913 20:15:14.940" endtime="20230913 20:15:14.951"/>
</kw>
<status status="PASS" starttime="20230913 20:15:14.871" endtime="20230913 20:15:14.951"/>
</kw>
<status status="PASS" starttime="20230913 20:15:14.871" endtime="20230913 20:15:14.951"/>
</kw>
<kw name="Encerra Browser" library="resources">
<kw name="Close Browser" library="SeleniumLibrary">
<doc>Closes the current browser.</doc>
<status status="PASS" starttime="20230913 20:15:14.951" endtime="20230913 20:15:17.061"/>
</kw>
<status status="PASS" starttime="20230913 20:15:14.951" endtime="20230913 20:15:17.061"/>
</kw>
<tag>cadastro-inicial</tag>
<status status="PASS" starttime="20230913 20:15:07.583" endtime="20230913 20:15:17.061"/>
</test>
<test id="s1-s1-s1-t6" name="RegistroUsuario_TelefoneObrigatorio" line="95">
<kw name="Inicia Teste Registro Usuario" library="resources">
<kw name="Open Browser" library="SeleniumLibrary">
<arg>${URL}</arg>
<arg>${BROWSER}</arg>
<doc>Opens a new browser instance to the optional ``url``.</doc>
<msg timestamp="20230913 20:15:17.061" level="INFO">Opening browser 'chrome' to base url 'https://www.empregos.com.br/'.</msg>
<status status="PASS" starttime="20230913 20:15:17.061" endtime="20230913 20:15:21.590"/>
</kw>
<kw name="Click Element" library="SeleniumLibrary">
<arg>xpath://div[@id='ctl00_ContentScriptsCommon_upPolititicaPrivacidadeMaster']//a[@class='a-aceite']</arg>
<doc>Click the element identified by ``locator``.</doc>
<msg timestamp="20230913 20:15:21.592" level="INFO">Clicking element 'xpath://div[@id='ctl00_ContentScriptsCommon_upPolititicaPrivacidadeMaster']//a[@class='a-aceite']'.</msg>
<status status="PASS" starttime="20230913 20:15:21.590" endtime="20230913 20:15:21.678"/>
</kw>
<kw name="Click Element" library="SeleniumLibrary">
<arg>xpath://div[@id='ctl00_divNaoLogadoTopo']//a[@class='cadastre-se']</arg>
<doc>Click the element identified by ``locator``.</doc>
<msg timestamp="20230913 20:15:21.678" level="INFO">Clicking element 'xpath://div[@id='ctl00_divNaoLogadoTopo']//a[@class='cadastre-se']'.</msg>
<status status="PASS" starttime="20230913 20:15:21.678" endtime="20230913 20:15:22.828"/>
</kw>
<kw name="Wait Until Element Is Visible" library="SeleniumLibrary">
<arg>id:ctl00_ContentBody_txtNomeCompleto</arg>
<doc>Waits until the element ``locator`` is visible.</doc>
<status status="PASS" starttime="20230913 20:15:22.828" endtime="20230913 20:15:22.860"/>
</kw>
<status status="PASS" starttime="20230913 20:15:17.061" endtime="20230913 20:15:22.860"/>
</kw>
<kw name="Informa Nome Completo" library="resources">
<arg>Maria Silva</arg>
<kw name="Input Text" library="SeleniumLibrary">
<arg>id:ctl00_ContentBody_txtNomeCompleto</arg>
<arg>${nomeCompleto}</arg>
<doc>Types the given ``text`` into the text field identified by ``locator``.</doc>
<msg timestamp="20230913 20:15:22.860" level="INFO">Typing text 'Maria Silva' into text field 'id:ctl00_ContentBody_txtNomeCompleto'.</msg>
<status status="PASS" starttime="20230913 20:15:22.860" endtime="20230913 20:15:22.985"/>
</kw>
<status status="PASS" starttime="20230913 20:15:22.860" endtime="20230913 20:15:22.985"/>
</kw>
<kw name="Informa Email Valido" library="resources">
<kw name="Gera Email Valido" library="Helpers">
<var>${emailValido}</var>
<msg timestamp="20230913 20:15:22.985" level="INFO">${emailValido} = 20230913201522@kcglzwpxt.com</msg>
<status status="PASS" starttime="20230913 20:15:22.985" endtime="20230913 20:15:22.985"/>
</kw>
<kw name="Informa Email" library="resources">
<arg>${emailValido}</arg>
<kw name="Input Text" library="SeleniumLibrary">
<arg>id:ctl00_ContentBody_txtEmail</arg>
<arg>${email}</arg>
<doc>Types the given ``text`` into the text field identified by ``locator``.</doc>
<msg timestamp="20230913 20:15:22.985" level="INFO">Typing text '20230913201522@kcglzwpxt.com' into text field 'id:ctl00_ContentBody_txtEmail'.</msg>
<status status="PASS" starttime="20230913 20:15:22.985" endtime="20230913 20:15:23.166"/>
</kw>
<status status="PASS" starttime="20230913 20:15:22.985" endtime="20230913 20:15:23.166"/>
</kw>
<status status="PASS" starttime="20230913 20:15:22.985" endtime="20230913 20:15:23.166"/>
</kw>
<kw name="Informa Cidade Existente" library="resources">
<arg>Belo Horizonte</arg>
<kw name="Input Text" library="SeleniumLibrary">
<arg>id:ctl00_ContentBody_ucSuggestCidadeEstado_txtCidade</arg>
<arg>${cidade}</arg>
<doc>Types the given ``text`` into the text field identified by ``locator``.</doc>
<msg timestamp="20230913 20:15:23.166" level="INFO">Typing text 'Belo Horizonte' into text field 'id:ctl00_ContentBody_ucSuggestCidadeEstado_txtCidade'.</msg>
<status status="PASS" starttime="20230913 20:15:23.166" endtime="20230913 20:15:23.305"/>
</kw>
<kw name="Wait Until Element Is Visible" library="SeleniumLibrary">
<arg>xpath://div[@id='suggestCidade']/ul/li</arg>
<doc>Waits until the element ``locator`` is visible.</doc>
<status status="PASS" starttime="20230913 20:15:23.305" endtime="20230913 20:15:23.525"/>
</kw>
<kw name="Click Element" library="SeleniumLibrary">
<arg>xpath://div[@id='suggestCidade']/ul/li</arg>
<doc>Click the element identified by ``locator``.</doc>
<msg timestamp="20230913 20:15:23.541" level="INFO">Clicking element 'xpath://div[@id='suggestCidade']/ul/li'.</msg>
<status status="PASS" starttime="20230913 20:15:23.525" endtime="20230913 20:15:23.598"/>
</kw>
<status status="PASS" starttime="20230913 20:15:23.166" endtime="20230913 20:15:23.598"/>
</kw>
<kw name="Informa Cargo Existente" library="resources">
<arg>Analista</arg>
<kw name="Input Text" library="SeleniumLibrary">
<arg>id:ctl00_ContentBody_ucSuggestCargo_txtCargo</arg>
<arg>${cargo}</arg>
<doc>Types the given ``text`` into the text field identified by ``locator``.</doc>
<msg timestamp="20230913 20:15:23.599" level="INFO">Typing text 'Analista' into text field 'id:ctl00_ContentBody_ucSuggestCargo_txtCargo'.</msg>
<status status="PASS" starttime="20230913 20:15:23.599" endtime="20230913 20:15:23.704"/>
</kw>
<kw name="Wait Until Element Is Visible" library="SeleniumLibrary">
<arg>xpath:(//div[@id='ctl00_ContentBody_ucSuggestCargo_divSuggestCargo']/ul/li)[1]</arg>
<doc>Waits until the element ``locator`` is visible.</doc>
<status status="PASS" starttime="20230913 20:15:23.704" endtime="20230913 20:15:23.975"/>
</kw>
<kw name="Click Element" library="SeleniumLibrary">
<arg>xpath:(//div[@id='ctl00_ContentBody_ucSuggestCargo_divSuggestCargo']/ul/li)[1]</arg>
<doc>Click the element identified by ``locator``.</doc>
<msg timestamp="20230913 20:15:23.975" level="INFO">Clicking element 'xpath:(//div[@id='ctl00_ContentBody_ucSuggestCargo_divSuggestCargo']/ul/li)[1]'.</msg>
<status status="PASS" starttime="20230913 20:15:23.975" endtime="20230913 20:15:24.051"/>
</kw>
<status status="PASS" starttime="20230913 20:15:23.599" endtime="20230913 20:15:24.051"/>
</kw>
<kw name="Aceita Politicas Privacidade" library="resources">
<kw name="Click Element" library="SeleniumLibrary">
<arg>xpath://div[@id='divMsgErrorAceitePrivacidade']//label</arg>
<doc>Click the element identified by ``locator``.</doc>
<msg timestamp="20230913 20:15:24.051" level="INFO">Clicking element 'xpath://div[@id='divMsgErrorAceitePrivacidade']//label'.</msg>
<status status="PASS" starttime="20230913 20:15:24.051" endtime="20230913 20:15:24.127"/>
</kw>
<status status="PASS" starttime="20230913 20:15:24.051" endtime="20230913 20:15:24.127"/>
</kw>
<kw name="Clica Botao Cadastrar Curriculo" library="resources">
<kw name="Click Element" library="SeleniumLibrary">
<arg>id:ctl00_ContentBody_btnCadastro</arg>
<doc>Click the element identified by ``locator``.</doc>
<msg timestamp="20230913 20:15:24.128" level="INFO">Clicking element 'id:ctl00_ContentBody_btnCadastro'.</msg>
<status status="PASS" starttime="20230913 20:15:24.128" endtime="20230913 20:15:24.216"/>
</kw>
<status status="PASS" starttime="20230913 20:15:24.128" endtime="20230913 20:15:24.216"/>
</kw>
<kw name="Valida Mensagem Erro Telefone Celular" library="resources">
<arg>Telefone celular é obrigatório</arg>
<kw name="Valida Mensagem Erro" library="resources">
<arg>xpath://input[@id='ctl00_ContentBody_txtTelefoneCelular']/following-sibling::ul/li</arg>
<arg>${mensagemEsperada}</arg>
<kw name="Wait Until Element Is Visible" library="SeleniumLibrary">
<arg>${localizador}</arg>
<doc>Waits until the element ``locator`` is visible.</doc>
<status status="PASS" starttime="20230913 20:15:24.216" endtime="20230913 20:15:24.241"/>
</kw>
<kw name="Get Text" library="SeleniumLibrary">
<var>${mensagemErro}</var>
<arg>${localizador}</arg>
<doc>Returns the text value of the element identified by ``locator``.</doc>
<msg timestamp="20230913 20:15:24.287" level="INFO">${mensagemErro} = Telefone celular é obrigatório</msg>
<status status="PASS" starttime="20230913 20:15:24.241" endtime="20230913 20:15:24.287"/>
</kw>
<kw name="Should Be Equal As Strings" library="BuiltIn">
<arg>${mensagemErro}</arg>
<arg>${mensagemEsperada}</arg>
<doc>Fails if objects are unequal after converting them to strings.</doc>
<status status="PASS" starttime="20230913 20:15:24.287" endtime="20230913 20:15:24.287"/>
</kw>
<status status="PASS" starttime="20230913 20:15:24.216" endtime="20230913 20:15:24.287"/>
</kw>
<status status="PASS" starttime="20230913 20:15:24.216" endtime="20230913 20:15:24.287"/>
</kw>
<kw name="Encerra Browser" library="resources">
<kw name="Close Browser" library="SeleniumLibrary">
<doc>Closes the current browser.</doc>
<status status="PASS" starttime="20230913 20:15:24.287" endtime="20230913 20:15:26.412"/>
</kw>
<status status="PASS" starttime="20230913 20:15:24.287" endtime="20230913 20:15:26.412"/>
</kw>
<tag>cadastro-inicial</tag>
<status status="PASS" starttime="20230913 20:15:17.061" endtime="20230913 20:15:26.413"/>
</test>
<test id="s1-s1-s1-t7" name="RegistroUsuario_CidadeObrigatoria" line="107">
<kw name="Inicia Teste Registro Usuario" library="resources">
<kw name="Open Browser" library="SeleniumLibrary">
<arg>${URL}</arg>
<arg>${BROWSER}</arg>
<doc>Opens a new browser instance to the optional ``url``.</doc>
<msg timestamp="20230913 20:15:26.413" level="INFO">Opening browser 'chrome' to base url 'https://www.empregos.com.br/'.</msg>
<status status="PASS" starttime="20230913 20:15:26.413" endtime="20230913 20:15:30.913"/>
</kw>
<kw name="Click Element" library="SeleniumLibrary">
<arg>xpath://div[@id='ctl00_ContentScriptsCommon_upPolititicaPrivacidadeMaster']//a[@class='a-aceite']</arg>
<doc>Click the element identified by ``locator``.</doc>
<msg timestamp="20230913 20:15:30.913" level="INFO">Clicking element 'xpath://div[@id='ctl00_ContentScriptsCommon_upPolititicaPrivacidadeMaster']//a[@class='a-aceite']'.</msg>
<status status="PASS" starttime="20230913 20:15:30.913" endtime="20230913 20:15:31.010"/>
</kw>
<kw name="Click Element" library="SeleniumLibrary">
<arg>xpath://div[@id='ctl00_divNaoLogadoTopo']//a[@class='cadastre-se']</arg>
<doc>Click the element identified by ``locator``.</doc>
<msg timestamp="20230913 20:15:31.011" level="INFO">Clicking element 'xpath://div[@id='ctl00_divNaoLogadoTopo']//a[@class='cadastre-se']'.</msg>
<status status="PASS" starttime="20230913 20:15:31.011" endtime="20230913 20:15:32.253"/>
</kw>
<kw name="Wait Until Element Is Visible" library="SeleniumLibrary">
<arg>id:ctl00_ContentBody_txtNomeCompleto</arg>
<doc>Waits until the element ``locator`` is visible.</doc>
<status status="PASS" starttime="20230913 20:15:32.255" endtime="20230913 20:15:32.310"/>
</kw>
<status status="PASS" starttime="20230913 20:15:26.413" endtime="20230913 20:15:32.310"/>
</kw>
<kw name="Informa Nome Completo" library="resources">
<arg>Maria Silva</arg>
<kw name="Input Text" library="SeleniumLibrary">
<arg>id:ctl00_ContentBody_txtNomeCompleto</arg>
<arg>${nomeCompleto}</arg>
<doc>Types the given ``text`` into the text field identified by ``locator``.</doc>
<msg timestamp="20230913 20:15:32.310" level="INFO">Typing text 'Maria Silva' into text field 'id:ctl00_ContentBody_txtNomeCompleto'.</msg>
<status status="PASS" starttime="20230913 20:15:32.310" endtime="20230913 20:15:32.428"/>
</kw>
<status status="PASS" starttime="20230913 20:15:32.310" endtime="20230913 20:15:32.428"/>
</kw>
<kw name="Informa Email Valido" library="resources">
<kw name="Gera Email Valido" library="Helpers">
<var>${emailValido}</var>
<msg timestamp="20230913 20:15:32.428" level="INFO">${emailValido} = 20230913201532@ysignroep.com</msg>
<status status="PASS" starttime="20230913 20:15:32.428" endtime="20230913 20:15:32.428"/>
</kw>
<kw name="Informa Email" library="resources">
<arg>${emailValido}</arg>
<kw name="Input Text" library="SeleniumLibrary">
<arg>id:ctl00_ContentBody_txtEmail</arg>
<arg>${email}</arg>
<doc>Types the given ``text`` into the text field identified by ``locator``.</doc>
<msg timestamp="20230913 20:15:32.428" level="INFO">Typing text '20230913201532@ysignroep.com' into text field 'id:ctl00_ContentBody_txtEmail'.</msg>
<status status="PASS" starttime="20230913 20:15:32.428" endtime="20230913 20:15:32.602"/>
</kw>
<status status="PASS" starttime="20230913 20:15:32.428" endtime="20230913 20:15:32.602"/>
</kw>
<status status="PASS" starttime="20230913 20:15:32.428" endtime="20230913 20:15:32.602"/>
</kw>
<kw name="Informa Telefone Celular" library="resources">
<arg>31999999999</arg>
<kw name="Input Text" library="SeleniumLibrary">
<arg>id:ctl00_ContentBody_txtTelefoneCelular</arg>
<arg>${telefone}</arg>
<doc>Types the given ``text`` into the text field identified by ``locator``.</doc>
<msg timestamp="20230913 20:15:32.609" level="INFO">Typing text '31999999999' into text field 'id:ctl00_ContentBody_txtTelefoneCelular'.</msg>
<status status="PASS" starttime="20230913 20:15:32.602" endtime="20230913 20:15:32.736"/>
</kw>
<status status="PASS" starttime="20230913 20:15:32.602" endtime="20230913 20:15:32.736"/>
</kw>
<kw name="Informa Cargo Existente" library="resources">
<arg>Analista</arg>
<kw name="Input Text" library="SeleniumLibrary">
<arg>id:ctl00_ContentBody_ucSuggestCargo_txtCargo</arg>
<arg>${cargo}</arg>
<doc>Types the given ``text`` into the text field identified by ``locator``.</doc>
<msg timestamp="20230913 20:15:32.736" level="INFO">Typing text 'Analista' into text field 'id:ctl00_ContentBody_ucSuggestCargo_txtCargo'.</msg>
<status status="PASS" starttime="20230913 20:15:32.736" endtime="20230913 20:15:32.832"/>
</kw>
<kw name="Wait Until Element Is Visible" library="SeleniumLibrary">
<arg>xpath:(//div[@id='ctl00_ContentBody_ucSuggestCargo_divSuggestCargo']/ul/li)[1]</arg>
<doc>Waits until the element ``locator`` is visible.</doc>
<status status="PASS" starttime="20230913 20:15:32.832" endtime="20230913 20:15:33.096"/>
</kw>
<kw name="Click Element" library="SeleniumLibrary">
<arg>xpath:(//div[@id='ctl00_ContentBody_ucSuggestCargo_divSuggestCargo']/ul/li)[1]</arg>
<doc>Click the element identified by ``locator``.</doc>
<msg timestamp="20230913 20:15:33.096" level="INFO">Clicking element 'xpath:(//div[@id='ctl00_ContentBody_ucSuggestCargo_divSuggestCargo']/ul/li)[1]'.</msg>
<status status="PASS" starttime="20230913 20:15:33.096" endtime="20230913 20:15:33.175"/>
</kw>
<status status="PASS" starttime="20230913 20:15:32.736" endtime="20230913 20:15:33.175"/>
</kw>
<kw name="Aceita Politicas Privacidade" library="resources">
<kw name="Click Element" library="SeleniumLibrary">
<arg>xpath://div[@id='divMsgErrorAceitePrivacidade']//label</arg>
<doc>Click the element identified by ``locator``.</doc>
<msg timestamp="20230913 20:15:33.175" level="INFO">Clicking element 'xpath://div[@id='divMsgErrorAceitePrivacidade']//label'.</msg>
<status status="PASS" starttime="20230913 20:15:33.175" endtime="20230913 20:15:33.262"/>
</kw>
<status status="PASS" starttime="20230913 20:15:33.175" endtime="20230913 20:15:33.262"/>
</kw>
<kw name="Clica Botao Cadastrar Curriculo" library="resources">
<kw name="Click Element" library="SeleniumLibrary">
<arg>id:ctl00_ContentBody_btnCadastro</arg>
<doc>Click the element identified by ``locator``.</doc>
<msg timestamp="20230913 20:15:33.262" level="INFO">Clicking element 'id:ctl00_ContentBody_btnCadastro'.</msg>
<status status="PASS" starttime="20230913 20:15:33.262" endtime="20230913 20:15:33.340"/>
</kw>
<status status="PASS" starttime="20230913 20:15:33.262" endtime="20230913 20:15:33.342"/>
</kw>
<kw name="Valida Mensagem Erro Cidade" library="resources">
<arg>Cidade é obrigatória</arg>
<kw name="Valida Mensagem Erro" library="resources">
<arg>xpath://input[@id='ctl00_ContentBody_ucSuggestCidadeEstado_txtCidade']/following-sibling::ul/li</arg>
<arg>${mensagemEsperada}</arg>
<kw name="Wait Until Element Is Visible" library="SeleniumLibrary">
<arg>${localizador}</arg>
<doc>Waits until the element ``locator`` is visible.</doc>
<status status="PASS" starttime="20230913 20:15:33.344" endtime="20230913 20:15:33.372"/>
</kw>
<kw name="Get Text" library="SeleniumLibrary">
<var>${mensagemErro}</var>
<arg>${localizador}</arg>
<doc>Returns the text value of the element identified by ``locator``.</doc>
<msg timestamp="20230913 20:15:33.414" level="INFO">${mensagemErro} = Cidade é obrigatória</msg>
<status status="PASS" starttime="20230913 20:15:33.372" endtime="20230913 20:15:33.414"/>
</kw>
<kw name="Should Be Equal As Strings" library="BuiltIn">
<arg>${mensagemErro}</arg>
<arg>${mensagemEsperada}</arg>
<doc>Fails if objects are unequal after converting them to strings.</doc>
<status status="PASS" starttime="20230913 20:15:33.414" endtime="20230913 20:15:33.414"/>
</kw>
<status status="PASS" starttime="20230913 20:15:33.343" endtime="20230913 20:15:33.414"/>
</kw>
<status status="PASS" starttime="20230913 20:15:33.342" endtime="20230913 20:15:33.414"/>
</kw>
<kw name="Encerra Browser" library="resources">
<kw name="Close Browser" library="SeleniumLibrary">
<doc>Closes the current browser.</doc>
<status status="PASS" starttime="20230913 20:15:33.414" endtime="20230913 20:15:35.528"/>
</kw>
<status status="PASS" starttime="20230913 20:15:33.414" endtime="20230913 20:15:35.528"/>
</kw>
<tag>cadastro-inicial</tag>
<status status="PASS" starttime="20230913 20:15:26.413" endtime="20230913 20:15:35.528"/>
</test>
<test id="s1-s1-s1-t8" name="RegistroUsuario_CidadeNaoEncontrada" line="119">
<kw name="Inicia Teste Registro Usuario" library="resources">
<kw name="Open Browser" library="SeleniumLibrary">
<arg>${URL}</arg>
<arg>${BROWSER}</arg>
<doc>Opens a new browser instance to the optional ``url``.</doc>
<msg timestamp="20230913 20:15:35.531" level="INFO">Opening browser 'chrome' to base url 'https://www.empregos.com.br/'.</msg>
<status status="PASS" starttime="20230913 20:15:35.531" endtime="20230913 20:15:39.930"/>
</kw>
<kw name="Click Element" library="SeleniumLibrary">
<arg>xpath://div[@id='ctl00_ContentScriptsCommon_upPolititicaPrivacidadeMaster']//a[@class='a-aceite']</arg>
<doc>Click the element identified by ``locator``.</doc>
<msg timestamp="20230913 20:15:39.930" level="INFO">Clicking element 'xpath://div[@id='ctl00_ContentScriptsCommon_upPolititicaPrivacidadeMaster']//a[@class='a-aceite']'.</msg>
<status status="PASS" starttime="20230913 20:15:39.930" endtime="20230913 20:15:40.034"/>
</kw>
<kw name="Click Element" library="SeleniumLibrary">
<arg>xpath://div[@id='ctl00_divNaoLogadoTopo']//a[@class='cadastre-se']</arg>
<doc>Click the element identified by ``locator``.</doc>
<msg timestamp="20230913 20:15:40.035" level="INFO">Clicking element 'xpath://div[@id='ctl00_divNaoLogadoTopo']//a[@class='cadastre-se']'.</msg>
<status status="PASS" starttime="20230913 20:15:40.034" endtime="20230913 20:15:41.261"/>
</kw>
<kw name="Wait Until Element Is Visible" library="SeleniumLibrary">
<arg>id:ctl00_ContentBody_txtNomeCompleto</arg>
<doc>Waits until the element ``locator`` is visible.</doc>
<status status="PASS" starttime="20230913 20:15:41.261" endtime="20230913 20:15:41.298"/>
</kw>
<status status="PASS" starttime="20230913 20:15:35.531" endtime="20230913 20:15:41.298"/>
</kw>
<kw name="Informa Nome Completo" library="resources">
<arg>Maria Silva</arg>
<kw name="Input Text" library="SeleniumLibrary">
<arg>id:ctl00_ContentBody_txtNomeCompleto</arg>
<arg>${nomeCompleto}</arg>
[...]
</kw>
<kw name="Valida Mensagem Erro Confirmacao Senha" library="resources">
<arg>A senha deve conter entre 5 e 15 caracteres</arg>
<kw name="Valida Mensagem Erro" library="resources">
<arg>xpath://input[@id='ctl00_ContentBody_txtSenhaConfirmacao']/following-sibling::ul/li</arg>
<arg>${mensagemEsperada}</arg>
<kw name="Wait Until Element Is Visible" library="SeleniumLibrary">
<arg>${localizador}</arg>
<doc>Waits until the element ``locator`` is visible.</doc>
<status status="PASS" starttime="20230913 20:17:01.401" endtime="20230913 20:17:01.460"/>
</kw>
<kw name="Get Text" library="SeleniumLibrary">
<var>${mensagemErro}</var>
<arg>${localizador}</arg>
<doc>Returns the text value of the element identified by ``locator``.</doc>
<msg timestamp="20230913 20:17:01.511" level="INFO">${mensagemErro} = A senha deve conter entre 5 e 15 caracteres</msg>
<status status="PASS" starttime="20230913 20:17:01.460" endtime="20230913 20:17:01.511"/>
</kw>
<kw name="Should Be Equal As Strings" library="BuiltIn">
<arg>${mensagemErro}</arg>
<arg>${mensagemEsperada}</arg>
<doc>Fails if objects are unequal after converting them to strings.</doc>
<status status="PASS" starttime="20230913 20:17:01.511" endtime="20230913 20:17:01.511"/>
</kw>
<status status="PASS" starttime="20230913 20:17:01.401" endtime="20230913 20:17:01.518"/>
</kw>
<status status="PASS" starttime="20230913 20:17:01.401" endtime="20230913 20:17:01.518"/>
</kw>
<kw name="Encerra Browser" library="resources">
<kw name="Close Browser" library="SeleniumLibrary">
<doc>Closes the current browser.</doc>
<status status="PASS" starttime="20230913 20:17:01.518" endtime="20230913 20:17:03.674"/>
</kw>
<status status="PASS" starttime="20230913 20:17:01.518" endtime="20230913 20:17:03.674"/>
</kw>
<tag>dados-pessoais</tag>
<status status="PASS" starttime="20230913 20:16:50.049" endtime="20230913 20:17:03.674"/>
</test>
<test id="s1-s1-s1-t16" name="RegistroUsuario_Senha16Digitos" line="228">
<kw name="Executa Cadastro Inicial" library="resources">
<kw name="Inicia Teste Registro Usuario" library="resources">
<kw name="Open Browser" library="SeleniumLibrary">
<arg>${URL}</arg>
<arg>${BROWSER}</arg>
<doc>Opens a new browser instance to the optional ``url``.</doc>
<msg timestamp="20230913 20:17:03.674" level="INFO">Opening browser 'chrome' to base url 'https://www.empregos.com.br/'.</msg>
<status status="PASS" starttime="20230913 20:17:03.674" endtime="20230913 20:17:08.295"/>
</kw>
<kw name="Click Element" library="SeleniumLibrary">
<arg>xpath://div[@id='ctl00_ContentScriptsCommon_upPolititicaPrivacidadeMaster']//a[@class='a-aceite']</arg>
<doc>Click the element identified by ``locator``.</doc>
<msg timestamp="20230913 20:17:08.307" level="INFO">Clicking element 'xpath://div[@id='ctl00_ContentScriptsCommon_upPolititicaPrivacidadeMaster']//a[@class='a-aceite']'.</msg>
<status status="PASS" starttime="20230913 20:17:08.295" endtime="20230913 20:17:08.383"/>
</kw>
<kw name="Click Element" library="SeleniumLibrary">
<arg>xpath://div[@id='ctl00_divNaoLogadoTopo']//a[@class='cadastre-se']</arg>
<doc>Click the element identified by ``locator``.</doc>
<msg timestamp="20230913 20:17:08.388" level="INFO">Clicking element 'xpath://div[@id='ctl00_divNaoLogadoTopo']//a[@class='cadastre-se']'.</msg>
<status status="PASS" starttime="20230913 20:17:08.387" endtime="20230913 20:17:09.424"/>
</kw>
<kw name="Wait Until Element Is Visible" library="SeleniumLibrary">
<arg>id:ctl00_ContentBody_txtNomeCompleto</arg>
<doc>Waits until the element ``locator`` is visible.</doc>
<status status="PASS" starttime="20230913 20:17:09.424" endtime="20230913 20:17:09.453"/>
</kw>
<status status="PASS" starttime="20230913 20:17:03.674" endtime="20230913 20:17:09.455"/>
</kw>
<kw name="Informa Nome Completo" library="resources">
<arg>Maria Silva</arg>
<kw name="Input Text" library="SeleniumLibrary">
<arg>id:ctl00_ContentBody_txtNomeCompleto</arg>
<arg>${nomeCompleto}</arg>
<doc>Types the given ``text`` into the text field identified by ``locator``.</doc>
<msg timestamp="20230913 20:17:09.455" level="INFO">Typing text 'Maria Silva' into text field 'id:ctl00_ContentBody_txtNomeCompleto'.</msg>
<status status="PASS" starttime="20230913 20:17:09.455" endtime="20230913 20:17:09.578"/>
</kw>
<status status="PASS" starttime="20230913 20:17:09.455" endtime="20230913 20:17:09.578"/>
</kw>
<kw name="Informa Email Valido" library="resources">
<kw name="Gera Email Valido" library="Helpers">
<var>${emailValido}</var>
<msg timestamp="20230913 20:17:09.578" level="INFO">${emailValido} = 20230913201709@ulrjuhjbg.com</msg>
<status status="PASS" starttime="20230913 20:17:09.578" endtime="20230913 20:17:09.578"/>
</kw>
<kw name="Informa Email" library="resources">
<arg>${emailValido}</arg>
<kw name="Input Text" library="SeleniumLibrary">
<arg>id:ctl00_ContentBody_txtEmail</arg>
<arg>${email}</arg>
<doc>Types the given ``text`` into the text field identified by ``locator``.</doc>
<msg timestamp="20230913 20:17:09.578" level="INFO">Typing text '20230913201709@ulrjuhjbg.com' into text field 'id:ctl00_ContentBody_txtEmail'.</msg>
<status status="PASS" starttime="20230913 20:17:09.578" endtime="20230913 20:17:09.780"/>
</kw>
<status status="PASS" starttime="20230913 20:17:09.578" endtime="20230913 20:17:09.780"/>
</kw>
<status status="PASS" starttime="20230913 20:17:09.578" endtime="20230913 20:17:09.780"/>
</kw>
<kw name="Informa Telefone Celular" library="resources">
<arg>31999999999</arg>
<kw name="Input Text" library="SeleniumLibrary">
<arg>id:ctl00_ContentBody_txtTelefoneCelular</arg>
<arg>${telefone}</arg>
<doc>Types the given ``text`` into the text field identified by ``locator``.</doc>
<msg timestamp="20230913 20:17:09.780" level="INFO">Typing text '31999999999' into text field 'id:ctl00_ContentBody_txtTelefoneCelular'.</msg>
<status status="PASS" starttime="20230913 20:17:09.780" endtime="20230913 20:17:09.894"/>
</kw>
<status status="PASS" starttime="20230913 20:17:09.780" endtime="20230913 20:17:09.894"/>
</kw>
<kw name="Informa Cidade Existente" library="resources">
<arg>Belo Horizonte</arg>
<kw name="Input Text" library="SeleniumLibrary">
<arg>id:ctl00_ContentBody_ucSuggestCidadeEstado_txtCidade</arg>
<arg>${cidade}</arg>
<doc>Types the given ``text`` into the text field identified by ``locator``.</doc>
<msg timestamp="20230913 20:17:09.894" level="INFO">Typing text 'Belo Horizonte' into text field 'id:ctl00_ContentBody_ucSuggestCidadeEstado_txtCidade'.</msg>
<status status="PASS" starttime="20230913 20:17:09.894" endtime="20230913 20:17:09.988"/>
</kw>
<kw name="Wait Until Element Is Visible" library="SeleniumLibrary">
<arg>xpath://div[@id='suggestCidade']/ul/li</arg>
<doc>Waits until the element ``locator`` is visible.</doc>
<status status="PASS" starttime="20230913 20:17:09.988" endtime="20230913 20:17:10.225"/>
</kw>
<kw name="Click Element" library="SeleniumLibrary">
<arg>xpath://div[@id='suggestCidade']/ul/li</arg>
<doc>Click the element identified by ``locator``.</doc>
<msg timestamp="20230913 20:17:10.226" level="INFO">Clicking element 'xpath://div[@id='suggestCidade']/ul/li'.</msg>
<status status="PASS" starttime="20230913 20:17:10.225" endtime="20230913 20:17:10.279"/>
</kw>
<status status="PASS" starttime="20230913 20:17:09.894" endtime="20230913 20:17:10.279"/>
</kw>
<kw name="Informa Cargo Existente" library="resources">
<arg>Analista</arg>
<kw name="Input Text" library="SeleniumLibrary">
<arg>id:ctl00_ContentBody_ucSuggestCargo_txtCargo</arg>
<arg>${cargo}</arg>
<doc>Types the given ``text`` into the text field identified by ``locator``.</doc>
<msg timestamp="20230913 20:17:10.279" level="INFO">Typing text 'Analista' into text field 'id:ctl00_ContentBody_ucSuggestCargo_txtCargo'.</msg>
<status status="PASS" starttime="20230913 20:17:10.279" endtime="20230913 20:17:10.407"/>
</kw>
<kw name="Wait Until Element Is Visible" library="SeleniumLibrary">
<arg>xpath:(//div[@id='ctl00_ContentBody_ucSuggestCargo_divSuggestCargo']/ul/li)[1]</arg>
<doc>Waits until the element ``locator`` is visible.</doc>
<status status="PASS" starttime="20230913 20:17:10.407" endtime="20230913 20:17:10.663"/>
</kw>
<kw name="Click Element" library="SeleniumLibrary">
<arg>xpath:(//div[@id='ctl00_ContentBody_ucSuggestCargo_divSuggestCargo']/ul/li)[1]</arg>
<doc>Click the element identified by ``locator``.</doc>
<msg timestamp="20230913 20:17:10.663" level="INFO">Clicking element 'xpath:(//div[@id='ctl00_ContentBody_ucSuggestCargo_divSuggestCargo']/ul/li)[1]'.</msg>
<status status="PASS" starttime="20230913 20:17:10.663" endtime="20230913 20:17:10.737"/>
</kw>
<status status="PASS" starttime="20230913 20:17:10.279" endtime="20230913 20:17:10.737"/>
</kw>
<kw name="Aceita Politicas Privacidade" library="resources">
<kw name="Click Element" library="SeleniumLibrary">
<arg>xpath://div[@id='divMsgErrorAceitePrivacidade']//label</arg>
<doc>Click the element identified by ``locator``.</doc>
<msg timestamp="20230913 20:17:10.738" level="INFO">Clicking element 'xpath://div[@id='divMsgErrorAceitePrivacidade']//label'.</msg>
<status status="PASS" starttime="20230913 20:17:10.738" endtime="20230913 20:17:10.813"/>
</kw>
<status status="PASS" starttime="20230913 20:17:10.737" endtime="20230913 20:17:10.813"/>
</kw>
<kw name="Clica Botao Cadastrar Curriculo" library="resources">
<kw name="Click Element" library="SeleniumLibrary">
<arg>id:ctl00_ContentBody_btnCadastro</arg>
<doc>Click the element identified by ``locator``.</doc>
<msg timestamp="20230913 20:17:10.813" level="INFO">Clicking element 'id:ctl00_ContentBody_btnCadastro'.</msg>
<status status="PASS" starttime="20230913 20:17:10.813" endtime="20230913 20:17:10.909"/>
</kw>
<status status="PASS" starttime="20230913 20:17:10.813" endtime="20230913 20:17:10.909"/>
</kw>
<kw name="Valida Cadastro Inicial" library="resources">
<kw name="Wait Until Element Is Visible" library="SeleniumLibrary">
<arg>id:ctl00_ContentBody_ucTopoInclusao_divTopoInclusao</arg>
<doc>Waits until the element ``locator`` is visible.</doc>
<status status="PASS" starttime="20230913 20:17:10.909" endtime="20230913 20:17:12.761"/>
</kw>
<kw name="Get Text" library="SeleniumLibrary">
<var>${validacaoCadastroInicial}</var>
<arg>//div[@id='ctl00_ContentBody_ucTopoInclusao_divTopoInclusao']/h1</arg>
<doc>Returns the text value of the element identified by ``locator``.</doc>
<msg timestamp="20230913 20:17:12.791" level="INFO">${validacaoCadastroInicial} = Seu currículo</msg>
<status status="PASS" starttime="20230913 20:17:12.761" endtime="20230913 20:17:12.791"/>
</kw>
<kw name="Should Be Equal As Strings" library="BuiltIn">
<arg>${validacaoCadastroInicial}</arg>
<arg>Seu currículo</arg>
<doc>Fails if objects are unequal after converting them to strings.</doc>
<status status="PASS" starttime="20230913 20:17:12.791" endtime="20230913 20:17:12.791"/>
</kw>
<status status="PASS" starttime="20230913 20:17:10.909" endtime="20230913 20:17:12.791"/>
</kw>
<status status="PASS" starttime="20230913 20:17:03.674" endtime="20230913 20:17:12.791"/>
</kw>
<kw name="Informa CPF Valido" library="resources">
<kw name="Gera CPF Valido" library="Helpers">
<var>${cpf}</var>
<msg timestamp="20230913 20:17:12.791" level="INFO">${cpf} = 33706730707</msg>
<status status="PASS" starttime="20230913 20:17:12.791" endtime="20230913 20:17:12.791"/>
</kw>
<kw name="Informa CPF" library="resources">
<arg>${cpf}</arg>
<kw name="Input Text" library="SeleniumLibrary">
<arg>id:ctl00_ContentBody_txtCpf</arg>
<arg>${cpf}</arg>
<doc>Types the given ``text`` into the text field identified by ``locator``.</doc>
<msg timestamp="20230913 20:17:12.805" level="INFO">Typing text '33706730707' into text field 'id:ctl00_ContentBody_txtCpf'.</msg>
<status status="PASS" starttime="20230913 20:17:12.791" endtime="20230913 20:17:12.954"/>
</kw>
<status status="PASS" starttime="20230913 20:17:12.791" endtime="20230913 20:17:12.954"/>
</kw>
<status status="PASS" starttime="20230913 20:17:12.791" endtime="20230913 20:17:12.954"/>
</kw>
<kw name="Informa Genero Feminino" library="resources">
<kw name="Click Element" library="SeleniumLibrary">
<arg>xpath://div[@id='content']//label[text()='Feminino']</arg>
<doc>Click the element identified by ``locator``.</doc>
<msg timestamp="20230913 20:17:12.957" level="INFO">Clicking element 'xpath://div[@id='content']//label[text()='Feminino']'.</msg>
<status status="PASS" starttime="20230913 20:17:12.957" endtime="20230913 20:17:13.052"/>
</kw>
<status status="PASS" starttime="20230913 20:17:12.954" endtime="20230913 20:17:13.052"/>
</kw>
<kw name="Informa Data Nascimento" library="resources">
<arg>01/01/2000</arg>
<kw name="Input Text" library="SeleniumLibrary">
<arg>id:ctl00_ContentBody_txtDataNascimento</arg>
<arg>${data}</arg>
<doc>Types the given ``text`` into the text field identified by ``locator``.</doc>
<msg timestamp="20230913 20:17:13.052" level="INFO">Typing text '01/01/2000' into text field 'id:ctl00_ContentBody_txtDataNascimento'.</msg>
<status status="PASS" starttime="20230913 20:17:13.052" endtime="20230913 20:17:13.228"/>
</kw>
<status status="PASS" starttime="20230913 20:17:13.052" endtime="20230913 20:17:13.228"/>
</kw>
<kw name="Seleciona Estado Civil Solteiro" library="resources">
<kw name="Select From List By Value" library="SeleniumLibrary">
<arg>id:ctl00_ContentBody_ddlEstadoCivil</arg>
<arg>10</arg>
<doc>Selects options from selection list ``locator`` by ``values``.</doc>
<msg timestamp="20230913 20:17:13.228" level="INFO">Selecting options from selection list 'id:ctl00_ContentBody_ddlEstadoCivil' by value 10.</msg>
<status status="PASS" starttime="20230913 20:17:13.228" endtime="20230913 20:17:13.395"/>
</kw>
<status status="PASS" starttime="20230913 20:17:13.228" endtime="20230913 20:17:13.395"/>
</kw>
<kw name="Informa Desemprego" library="resources">
<kw name="Click Element" library="SeleniumLibrary">
<arg>xpath://div[@class='box-form radio inline']//label[text()='Não']</arg>
<doc>Click the element identified by ``locator``.</doc>
<msg timestamp="20230913 20:17:13.397" level="INFO">Clicking element 'xpath://div[@class='box-form radio inline']//label[text()='Não']'.</msg>
<status status="PASS" starttime="20230913 20:17:13.395" endtime="20230913 20:17:13.484"/>
</kw>
<status status="PASS" starttime="20230913 20:17:13.395" endtime="20230913 20:17:13.484"/>
</kw>
<kw name="Informa CEP" library="resources">
<arg>30130-100</arg>
<kw name="Input Text" library="SeleniumLibrary">
<arg>id:ctl00_ContentBody_txtCep</arg>
<arg>${cep}</arg>
<doc>Types the given ``text`` into the text field identified by ``locator``.</doc>
<msg timestamp="20230913 20:17:13.484" level="INFO">Typing text '30130-100' into text field 'id:ctl00_ContentBody_txtCep'.</msg>
<status status="PASS" starttime="20230913 20:17:13.484" endtime="20230913 20:17:13.651"/>
</kw>
<status status="PASS" starttime="20230913 20:17:13.484" endtime="20230913 20:17:13.651"/>
</kw>
<kw name="Informa Senha" library="resources">
<arg>1234567812345678</arg>
<kw name="Input Text" library="SeleniumLibrary">
<arg>id:ctl00_ContentBody_txtSenha</arg>
<arg>${senha}</arg>
<doc>Types the given ``text`` into the text field identified by ``locator``.</doc>
<msg timestamp="20230913 20:17:13.651" level="INFO">Typing text '1234567812345678' into text field 'id:ctl00_ContentBody_txtSenha'.</msg>
<status status="PASS" starttime="20230913 20:17:13.651" endtime="20230913 20:17:13.841"/>
</kw>
<status status="PASS" starttime="20230913 20:17:13.651" endtime="20230913 20:17:13.841"/>
</kw>
<kw name="Informa Confirmacao Senha" library="resources">
<arg>1234567812345678</arg>
<kw name="Input Text" library="SeleniumLibrary">
<arg>id:ctl00_ContentBody_txtSenhaConfirmacao</arg>
<arg>${senha}</arg>
<doc>Types the given ``text`` into the text field identified by ``locator``.</doc>
<msg timestamp="20230913 20:17:13.841" level="INFO">Typing text '1234567812345678' into text field 'id:ctl00_ContentBody_txtSenhaConfirmacao'.</msg>
<status status="PASS" starttime="20230913 20:17:13.841" endtime="20230913 20:17:14.074"/>
</kw>
<status status="PASS" starttime="20230913 20:17:13.841" endtime="20230913 20:17:14.074"/>
</kw>
<kw name="Clica Botao Confirmar Dados Pessoais" library="resources">
<kw name="Click Element" library="SeleniumLibrary">
<arg>id:ctl00_ContentBody_lkbContinuar</arg>
<doc>Click the element identified by ``locator``.</doc>
<msg timestamp="20230913 20:17:14.074" level="INFO">Clicking element 'id:ctl00_ContentBody_lkbContinuar'.</msg>
<status status="PASS" starttime="20230913 20:17:14.074" endtime="20230913 20:17:14.203"/>
</kw>
<status status="PASS" starttime="20230913 20:17:14.074" endtime="20230913 20:17:14.203"/>
</kw>
<kw name="Valida Mensagem Erro Senha" library="resources">
<arg>A senha deve conter entre 5 e 15 caracteres</arg>
<kw name="Valida Mensagem Erro" library="resources">
<arg>xpath://input[@id='ctl00_ContentBody_txtSenha']/following-sibling::ul/li</arg>
<arg>${mensagemEsperada}</arg>
<kw name="Wait Until Element Is Visible" library="SeleniumLibrary">
<arg>${localizador}</arg>
<doc>Waits until the element ``locator`` is visible.</doc>
<msg timestamp="20230913 20:17:26.562" level="INFO" html="true">&lt;/td&gt;&lt;/tr&gt;&lt;tr&gt;&lt;td colspan="3"&gt;&lt;a href="selenium-screenshot-56.png"&gt;&lt;img src="selenium-screenshot-56.png" width="800px"&gt;&lt;/a&gt;</msg>
<msg timestamp="20230913 20:17:26.562" level="FAIL">Element 'xpath://input[@id='ctl00_ContentBody_txtSenha']/following-sibling::ul/li' not visible after 5 seconds.</msg>
<status status="FAIL" starttime="20230913 20:17:14.203" endtime="20230913 20:17:26.571"/>
</kw>
<kw name="Get Text" library="SeleniumLibrary">
<var>${mensagemErro}</var>
<arg>${localizador}</arg>
<doc>Returns the text value of the element identified by ``locator``.</doc>
<status status="NOT RUN" starttime="20230913 20:17:26.571" endtime="20230913 20:17:26.571"/>
</kw>
<kw name="Should Be Equal As Strings" library="BuiltIn">
<arg>${mensagemErro}</arg>
<arg>${mensagemEsperada}</arg>
<doc>Fails if objects are unequal after converting them to strings.</doc>
<status status="NOT RUN" starttime="20230913 20:17:26.571" endtime="20230913 20:17:26.571"/>
</kw>
<status status="FAIL" starttime="20230913 20:17:14.203" endtime="20230913 20:17:26.571"/>
</kw>
<status status="FAIL" starttime="20230913 20:17:14.203" endtime="20230913 20:17:26.571"/>
</kw>
<kw name="Valida Mensagem Erro Confirmacao Senha" library="resources">
<arg>A senha deve conter entre 5 e 15 caracteres</arg>
<status status="NOT RUN" starttime="20230913 20:17:26.571" endtime="20230913 20:17:26.571"/>
</kw>
<kw name="Encerra Browser" library="resources">
<status status="NOT RUN" starttime="20230913 20:17:26.571" endtime="20230913 20:17:26.571"/>
</kw>
<tag>dados-pessoais</tag>
<status status="FAIL" starttime="20230913 20:17:03.674" endtime="20230913 20:17:26.571">Element 'xpath://input[@id='ctl00_ContentBody_txtSenha']/following-sibling::ul/li' not visible after 5 seconds.</status>
</test>
<status status="FAIL" starttime="20230913 20:13:31.545" endtime="20230913 20:17:26.578"/>
</suite>
<status status="FAIL" starttime="20230913 20:13:31.545" endtime="20230913 20:17:26.578"/>
</suite>
<status status="FAIL" starttime="20230913 20:13:31.530" endtime="20230913 20:17:26.578"/>
</suite>
<statistics>
<total>
<stat pass="15" fail="1" skip="0">All Tests</stat>
</total>
<tag>
<stat pass="11" fail="0" skip="0">cadastro-inicial</stat>
<stat pass="5" fail="1" skip="0">dados-pessoais</stat>
<stat pass="1" fail="0" skip="0">formacao</stat>
<stat pass="1" fail="0" skip="0">objetivos-profissionais</stat>
</tag>
<suite>
<stat pass="15" fail="1" skip="0" id="s1" name="Gbtech Robotframework">Gbtech Robotframework</stat>
<stat pass="15" fail="1" skip="0" id="s1-s1" name="TestCases">Gbtech Robotframework.TestCases</stat>
<stat pass="15" fail="1" skip="0" id="s1-s1-s1" name="RegistroUsuario">Gbtech Robotframework.TestCases.RegistroUsuario</stat>
</suite>
</statistics>
<errors>
</errors>
</robot>
